Fork Mode wroker PID:  12628
mongodb+srv://dcsweb:MopG23GHLEu3GwB0@dcsweb.snm3hyr.mongodb.net/?retryWrites=true&w=majority
[44m[37mListening on 8081[39m[49m
[42m[37m[1mMongo connected[22m[39m[49m
Mongo Connected
mongodb+srv://dcsweb:MopG23GHLEu3GwB0@dcsweb.snm3hyr.mongodb.net/?retryWrites=true&w=majority
mongodb+srv://dcsweb:MopG23GHLEu3GwB0@dcsweb.snm3hyr.mongodb.net/?retryWrites=true&w=majority
mongodb+srv://dcsweb:MopG23GHLEu3GwB0@dcsweb.snm3hyr.mongodb.net/?retryWrites=true&w=majority
mongodb+srv://dcsweb:MopG23GHLEu3GwB0@dcsweb.snm3hyr.mongodb.net/?retryWrites=true&w=majority
mongodb+srv://dcsweb:MopG23GHLEu3GwB0@dcsweb.snm3hyr.mongodb.net/?retryWrites=true&w=majority
mongodb+srv://dcsweb:MopG23GHLEu3GwB0@dcsweb.snm3hyr.mongodb.net/?retryWrites=true&w=majority
mongodb+srv://dcsweb:MopG23GHLEu3GwB0@dcsweb.snm3hyr.mongodb.net/?retryWrites=true&w=majority
mongodb+srv://dcsweb:MopG23GHLEu3GwB0@dcsweb.snm3hyr.mongodb.net/?retryWrites=true&w=majority
[44m[37mListening on 8080[39m[49m
[44m[37mListening on 8080[39m[49m
[44m[37mListening on 8080[39m[49m
[44m[37mListening on 8080[39m[49m
[42m[37m[1mMongo connected[22m[39m[49m
Mongo Connected
[42m[37m[1mMongo connected[22m[39m[49m
Mongo Connected
[44m[37mListening on 8080[39m[49m
[42m[37m[1mMongo connected[22m[39m[49m
Mongo Connected
[42m[37m[1mMongo connected[22m[39m[49m
Mongo Connected
[42m[37m[1mMongo connected[22m[39m[49m
Mongo Connected
[44m[37mListening on 8080[39m[49m
[44m[37mListening on 8080[39m[49m
[44m[37mListening on 8080[39m[49m
[42m[37m[1mMongo connected[22m[39m[49m
Mongo Connected
[42m[37m[1mMongo connected[22m[39m[49m
Mongo Connected
[42m[37m[1mMongo connected[22m[39m[49m
Mongo Connected
GET / 302 56 - 4.874 ms
GET /favicon.ico 302 28 - 0.696 ms
GET /favicon.ico 302 28 - 4.950 ms
GET /favicon.ico 302 28 - 1.371 ms
GET /favicon.ico 302 28 - 0.701 ms
GET / 302 56 - 0.883 ms
GET /favicon.ico 302 28 - 0.388 ms
GET /favicon.ico 302 28 - 0.549 ms
[46m[37m[1mWebSockets Connected[22m[39m[49m
GET /favicon.ico 302 28 - 0.500 ms
[46m[37m[1mWebSockets Connected[22m[39m[49m
[46m[37m[1mWebSockets Connected[22m[39m[49m
GET /1 302 28 - 0.498 ms
GET /favicon.ico 302 28 - 0.743 ms
[46m[37m[1mWebSockets Connected[22m[39m[49m
GET /favicon.ico 302 28 - 0.429 ms
GET /1 302 28 - 0.729 ms
GET /favicon.ico 302 28 - 0.485 ms
GET /favicon.ico 302 28 - 0.422 ms
GET /favicon.ico 302 28 - 1.252 ms
