[2023-02-11T16:39:18.084] [INFO] info - Fork Mode wroker PID:  10772
[2023-02-11T16:39:22.745] [INFO] info - Listening on 8080
[2023-02-11T16:39:23.257] [INFO] info - Mongo connected
[2023-02-11T16:39:23.258] [INFO] info - Mongo Connected
[2023-02-11T16:41:09.721] [INFO] info - Fork Mode wroker PID:  1164
[2023-02-11T16:41:14.327] [INFO] info - Listening on 8080
[2023-02-11T16:41:15.011] [INFO] info - Mongo connected
[2023-02-11T16:41:15.012] [INFO] info - Mongo Connected
[2023-02-11T16:41:20.361] [INFO] info - Fork Mode wroker PID:  4456
[2023-02-11T16:41:24.644] [INFO] info - Listening on 8080
[2023-02-11T16:41:25.163] [INFO] info - Mongo connected
[2023-02-11T16:41:25.163] [INFO] info - Mongo Connected
[2023-02-11T16:42:02.800] [INFO] info - Fork Mode wroker PID:  9360
[2023-02-11T16:42:07.655] [INFO] info - Listening on 8080
[2023-02-11T16:42:08.342] [INFO] info - Mongo connected
[2023-02-11T16:42:08.343] [INFO] info - Mongo Connected
[2023-02-11T16:42:13.839] [INFO] info - Fork Mode wroker PID:  8860
[2023-02-11T16:42:17.971] [INFO] info - Listening on 8080
[2023-02-11T16:42:18.635] [INFO] info - Mongo connected
[2023-02-11T16:42:18.635] [INFO] info - Mongo Connected
[2023-02-11T16:44:53.008] [INFO] info - Fork Mode wroker PID:  7112
[2023-02-11T16:44:58.264] [INFO] info - Listening on 8080
[2023-02-11T16:44:58.885] [INFO] info - Mongo connected
[2023-02-11T16:44:58.886] [INFO] info - Mongo Connected
[2023-02-11T16:45:28.504] [INFO] info - Fork Mode wroker PID:  8132
[2023-02-11T16:45:33.258] [INFO] info - Listening on 8080
[2023-02-11T16:45:33.823] [INFO] info - Mongo connected
[2023-02-11T16:45:33.824] [INFO] info - Mongo Connected
[2023-02-11T16:45:37.009] [INFO] info - Fork Mode wroker PID:  1048
[2023-02-11T16:45:42.518] [INFO] info - Listening on 8080
[2023-02-11T16:45:43.033] [INFO] info - Mongo connected
[2023-02-11T16:45:43.033] [INFO] info - Mongo Connected
[32m[2023-02-11T16:45:46.097] [INFO] info - [39mFork Mode wroker PID:  3584
[32m[2023-02-11T16:45:51.582] [INFO] info - [39mListening on 8080
[32m[2023-02-11T16:45:52.108] [INFO] info - [39mMongo connected
[32m[2023-02-11T16:45:52.109] [INFO] info - [39mMongo Connected
[32m[2023-02-11T16:47:05.579] [INFO] info - [39mFork Mode wroker PID:  9840
[32m[2023-02-11T16:47:11.865] [INFO] info - [39mListening on 8080
[32m[2023-02-11T16:47:12.528] [INFO] info - [39mMongo connected
[32m[2023-02-11T16:47:12.529] [INFO] info - [39mMongo Connected
[32m[2023-02-11T16:47:18.983] [INFO] info - [39mFork Mode wroker PID:  8344
[32m[2023-02-11T16:47:21.666] [INFO] info - [39mFork Mode wroker PID:  6124
[32m[2023-02-11T16:47:25.799] [INFO] info - [39mListening on 8080
[32m[2023-02-11T16:47:26.341] [INFO] info - [39mMongo connected
[32m[2023-02-11T16:47:26.341] [INFO] info - [39mMongo Connected
[32m[2023-02-11T16:48:10.021] [INFO] info - [39mFork Mode wroker PID:  11524
[32m[2023-02-11T16:48:16.590] [INFO] info - [39mListening on 8080
[32m[2023-02-11T16:48:17.218] [INFO] info - [39mMongo connected
[32m[2023-02-11T16:48:17.218] [INFO] info - [39mMongo Connected
[32m[2023-02-11T16:48:25.387] [INFO] info - [39mFork Mode wroker PID:  12032
[32m[2023-02-11T16:48:29.587] [INFO] info - [39mListening on 8080
[32m[2023-02-11T16:48:30.120] [INFO] info - [39mMongo connected
[32m[2023-02-11T16:48:30.121] [INFO] info - [39mMongo Connected
[32m[2023-02-11T16:53:48.471] [INFO] info - [39mFork Mode wroker PID:  1120
[32m[2023-02-11T16:53:52.807] [INFO] info - [39mFork Mode wroker PID:  10100
[32m[2023-02-11T16:53:58.286] [INFO] info - [39mListening on 8080
[32m[2023-02-11T16:53:58.901] [INFO] info - [39mMongo connected
[32m[2023-02-11T16:53:58.901] [INFO] info - [39mMongo Connected
[32m[2023-02-11T16:54:32.299] [INFO] info - [39mFork Mode wroker PID:  10944
[32m[2023-02-11T16:54:36.631] [INFO] info - [39mListening on 8080
[32m[2023-02-11T16:54:37.155] [INFO] info - [39mMongo connected
[32m[2023-02-11T16:54:37.156] [INFO] info - [39mMongo Connected
[32m[2023-02-11T16:55:52.902] [INFO] info - [39mFork Mode wroker PID:  11516
[32m[2023-02-11T16:55:57.236] [INFO] info - [39mListening on 8080
[32m[2023-02-11T16:55:57.932] [INFO] info - [39mMongo connected
[32m[2023-02-11T16:55:57.933] [INFO] info - [39mMongo Connected
[32m[2023-02-11T16:56:46.194] [INFO] info - [39mFork Mode wroker PID:  9468
[32m[2023-02-11T16:56:51.306] [INFO] info - [39mListening on 8080
[32m[2023-02-11T16:56:51.788] [INFO] info - [39mMongo connected
[32m[2023-02-11T16:56:51.788] [INFO] info - [39mMongo Connected
[32m[2023-02-11T16:57:00.613] [INFO] info - [39mFork Mode wroker PID:  11356
[32m[2023-02-11T16:57:05.832] [INFO] info - [39mListening on 8080
[32m[2023-02-11T16:57:06.433] [INFO] info - [39mMongo connected
[32m[2023-02-11T16:57:06.433] [INFO] info - [39mMongo Connected
[32m[2023-02-11T16:57:57.318] [INFO] info - [39mWebSockets Connected
[32m[2023-02-11T17:00:07.616] [INFO] info - [39mFork Mode wroker PID:  11756
[32m[2023-02-11T17:00:12.239] [INFO] info - [39mListening on 8080
[32m[2023-02-11T17:00:12.879] [INFO] info - [39mMongo connected
[32m[2023-02-11T17:00:12.880] [INFO] info - [39mMongo Connected
[32m[2023-02-11T17:00:13.015] [INFO] info - [39mWebSockets Connected
[32m[2023-02-11T17:53:48.122] [INFO] info - [39mFork Mode wroker PID:  7972
[32m[2023-02-11T17:53:54.569] [INFO] info - [39mListening on 8080
[32m[2023-02-11T17:53:54.648] [INFO] info - [39mWebSockets Connected
[32m[2023-02-11T17:53:55.166] [INFO] info - [39mMongo connected
[32m[2023-02-11T17:53:55.166] [INFO] info - [39mMongo Connected
[32m[2023-02-11T17:54:21.843] [INFO] info - [39mFork Mode wroker PID:  11184
[32m[2023-02-11T17:54:26.625] [INFO] info - [39mListening on 8080
[32m[2023-02-11T17:54:27.172] [INFO] info - [39mMongo connected
[32m[2023-02-11T17:54:27.173] [INFO] info - [39mMongo Connected
[32m[2023-02-11T17:54:27.658] [INFO] info - [39mWebSockets Connected
[32m[2023-02-11T17:55:24.682] [INFO] info - [39mFork Mode wroker PID:  9896
[32m[2023-02-11T17:55:29.784] [INFO] info - [39mListening on 8080
[32m[2023-02-11T17:55:30.409] [INFO] info - [39mMongo connected
[32m[2023-02-11T17:55:30.410] [INFO] info - [39mMongo Connected
[32m[2023-02-11T17:55:30.481] [INFO] info - [39mWebSockets Connected
[32m[2023-02-11T17:55:41.217] [INFO] info - [39mFork Mode wroker PID:  9072
[32m[2023-02-11T17:55:45.934] [INFO] info - [39mListening on 8080
[32m[2023-02-11T17:55:46.481] [INFO] info - [39mMongo connected
[32m[2023-02-11T17:55:46.482] [INFO] info - [39mMongo Connected
[32m[2023-02-11T17:55:47.638] [INFO] info - [39mWebSockets Connected
[32m[2023-02-11T17:56:50.433] [INFO] info - [39mFork Mode wroker PID:  12264
[32m[2023-02-11T17:56:54.970] [INFO] info - [39mListening on 8080
[32m[2023-02-11T17:56:55.549] [INFO] info - [39mMongo connected
[32m[2023-02-11T17:56:55.549] [INFO] info - [39mMongo Connected
[32m[2023-02-11T17:56:57.654] [INFO] info - [39mWebSockets Connected
[32m[2023-02-11T17:57:24.351] [INFO] info - [39mFork Mode wroker PID:  12052
[32m[2023-02-11T17:57:30.611] [INFO] info - [39mListening on 8080
[32m[2023-02-11T17:57:31.306] [INFO] info - [39mMongo connected
[32m[2023-02-11T17:57:31.306] [INFO] info - [39mMongo Connected
[32m[2023-02-11T17:57:31.634] [INFO] info - [39mWebSockets Connected
[32m[2023-02-11T17:57:45.929] [INFO] info - [39mFork Mode wroker PID:  10316
[32m[2023-02-11T17:57:51.636] [INFO] info - [39mListening on 8080
[32m[2023-02-11T17:57:52.182] [INFO] info - [39mMongo connected
[32m[2023-02-11T17:57:52.183] [INFO] info - [39mMongo Connected
[32m[2023-02-11T17:57:52.609] [INFO] info - [39mWebSockets Connected
[32m[2023-02-11T17:58:09.910] [INFO] info - [39mFork Mode wroker PID:  12276
[32m[2023-02-11T17:58:14.150] [INFO] info - [39mListening on 8080
[32m[2023-02-11T17:58:14.796] [INFO] info - [39mMongo connected
[32m[2023-02-11T17:58:14.796] [INFO] info - [39mMongo Connected
[32m[2023-02-11T17:58:15.646] [INFO] info - [39mWebSockets Connected
[32m[2023-02-11T17:58:39.674] [INFO] info - [39mFork Mode wroker PID:  1804
[32m[2023-02-11T17:58:44.269] [INFO] info - [39mListening on 8080
[32m[2023-02-11T17:58:44.831] [INFO] info - [39mMongo connected
[32m[2023-02-11T17:58:44.832] [INFO] info - [39mMongo Connected
[32m[2023-02-11T17:58:46.647] [INFO] info - [39mWebSockets Connected
[32m[2023-02-11T17:58:57.152] [INFO] info - [39mFork Mode wroker PID:  9072
[32m[2023-02-11T17:59:00.658] [INFO] info - [39mFork Mode wroker PID:  7340
[32m[2023-02-11T17:59:07.916] [INFO] info - [39mListening on 8080
[32m[2023-02-11T17:59:08.489] [INFO] info - [39mMongo connected
[32m[2023-02-11T17:59:08.489] [INFO] info - [39mMongo Connected
[32m[2023-02-11T17:59:11.495] [INFO] info - [39mFork Mode wroker PID:  11284
[32m[2023-02-11T17:59:19.134] [INFO] info - [39mListening on 8080
[32m[2023-02-11T17:59:19.911] [INFO] info - [39mMongo connected
[32m[2023-02-11T17:59:19.912] [INFO] info - [39mMongo Connected
[32m[2023-02-11T17:59:20.020] [INFO] info - [39mWebSockets Connected
[32m[2023-02-11T17:59:26.375] [INFO] info - [39mFork Mode wroker PID:  11360
[32m[2023-02-11T17:59:30.912] [INFO] info - [39mListening on 8080
[32m[2023-02-11T17:59:31.434] [INFO] info - [39mMongo connected
[32m[2023-02-11T17:59:31.434] [INFO] info - [39mMongo Connected
[32m[2023-02-11T17:59:32.749] [INFO] info - [39mWebSockets Connected
[32m[2023-02-11T17:59:48.320] [INFO] info - [39mFork Mode wroker PID:  1212
[32m[2023-02-11T17:59:55.247] [INFO] info - [39mListening on 8080
[32m[2023-02-11T17:59:55.792] [INFO] info - [39mMongo connected
[32m[2023-02-11T17:59:55.792] [INFO] info - [39mMongo Connected
[32m[2023-02-11T17:59:55.873] [INFO] info - [39mWebSockets Connected
[32m[2023-02-11T18:00:14.622] [INFO] info - [39mFork Mode wroker PID:  10512
[32m[2023-02-11T18:00:22.055] [INFO] info - [39mListening on 8080
[32m[2023-02-11T18:00:22.751] [INFO] info - [39mMongo connected
[32m[2023-02-11T18:00:22.751] [INFO] info - [39mMongo Connected
[32m[2023-02-11T18:00:22.890] [INFO] info - [39mWebSockets Connected
[32m[2023-02-11T18:00:30.598] [INFO] info - [39mFork Mode wroker PID:  4844
[32m[2023-02-11T18:00:34.763] [INFO] info - [39mListening on 8080
[32m[2023-02-11T18:00:35.273] [INFO] info - [39mMongo connected
[32m[2023-02-11T18:00:35.273] [INFO] info - [39mMongo Connected
[32m[2023-02-11T18:00:37.640] [INFO] info - [39mWebSockets Connected
[32m[2023-02-11T18:01:13.197] [INFO] info - [39mFork Mode wroker PID:  10344
[32m[2023-02-11T18:01:17.721] [INFO] info - [39mListening on 8080
[32m[2023-02-11T18:01:18.233] [INFO] info - [39mMongo connected
[32m[2023-02-11T18:01:18.234] [INFO] info - [39mMongo Connected
[32m[2023-02-11T18:01:20.644] [INFO] info - [39mWebSockets Connected
[32m[2023-02-11T18:01:23.627] [INFO] info - [39mFork Mode wroker PID:  6076
[32m[2023-02-11T18:01:27.612] [INFO] info - [39mListening on 8080
[32m[2023-02-11T18:01:28.339] [INFO] info - [39mMongo connected
[32m[2023-02-11T18:01:28.340] [INFO] info - [39mMongo Connected
[32m[2023-02-11T18:01:29.640] [INFO] info - [39mWebSockets Connected
[32m[2023-02-11T18:01:30.316] [INFO] info - [39mRequest :,function getMethodToken (req) {
  return req.method
},Form URL :,function getUrlToken (req) {
  return req.originalUrl || req.url
},Status : ,function getStatusToken (req, res) {
  return headersSent(res)
    ? String(res.statusCode)
    : undefined
},Response Time :,4.450,ms
[32m[2023-02-11T18:02:08.948] [INFO] info - [39mFork Mode wroker PID:  6528
[32m[2023-02-11T18:02:13.316] [INFO] info - [39mListening on 8080
[32m[2023-02-11T18:02:13.831] [INFO] info - [39mMongo connected
[32m[2023-02-11T18:02:13.831] [INFO] info - [39mMongo Connected
[32m[2023-02-11T18:02:14.622] [INFO] info - [39mWebSockets Connected
[32m[2023-02-11T18:02:15.363] [INFO] info - [39mRequest : function getMethodToken (req) {
  return req.method
} Form URL : function getUrlToken (req) {
  return req.originalUrl || req.url
} Status :  function getStatusToken (req, res) {
  return headersSent(res)
    ? String(res.statusCode)
    : undefined
} Response Time : 4.919 ms
[32m[2023-02-11T18:02:26.129] [INFO] info - [39mFork Mode wroker PID:  6540
[32m[2023-02-11T18:02:30.143] [INFO] info - [39mListening on 8080
[32m[2023-02-11T18:02:30.732] [INFO] info - [39mMongo connected
[32m[2023-02-11T18:02:30.733] [INFO] info - [39mMongo Connected
[32m[2023-02-11T18:02:31.646] [INFO] info - [39mWebSockets Connected
[32m[2023-02-11T18:02:32.393] [INFO] info - [39mRequest : function getMethodToken (req) {
  return req.method
} Form URL : function getUrlToken (req) {
  return req.originalUrl || req.url
} Status :  function getStatusToken (req, res) {
  return headersSent(res)
    ? String(res.statusCode)
    : undefined
} Response Time : 10.430 ms
[32m[2023-02-11T18:04:07.436] [INFO] info - [39mFork Mode wroker PID:  5596
[32m[2023-02-11T18:04:13.469] [INFO] info - [39mListening on 8080
[32m[2023-02-11T18:04:14.064] [INFO] info - [39mWebSockets Connected
[32m[2023-02-11T18:04:14.294] [INFO] info - [39mMongo connected
[32m[2023-02-11T18:04:14.295] [INFO] info - [39mMongo Connected
[32m[2023-02-11T18:04:22.841] [INFO] info - [39mFork Mode wroker PID:  3684
[32m[2023-02-11T18:04:31.869] [INFO] info - [39mFork Mode wroker PID:  4080
[32m[2023-02-11T18:04:36.227] [INFO] info - [39mListening on 8080
[32m[2023-02-11T18:04:36.744] [INFO] info - [39mMongo connected
[32m[2023-02-11T18:04:36.744] [INFO] info - [39mMongo Connected
[32m[2023-02-11T18:04:36.815] [INFO] info - [39mWebSockets Connected
[32m[2023-02-11T18:04:37.625] [INFO] info - [39mGET /1 302 28 - 4.444 ms
[32m[2023-02-11T18:05:08.947] [INFO] info - [39mFork Mode wroker PID:  12064
[32m[2023-02-11T18:05:13.027] [INFO] info - [39mListening on 8080
[32m[2023-02-11T18:05:13.555] [INFO] info - [39mMongo connected
[32m[2023-02-11T18:05:13.555] [INFO] info - [39mMongo Connected
[32m[2023-02-11T18:05:14.644] [INFO] info - [39mWebSockets Connected
[32m[2023-02-11T18:05:16.116] [INFO] info - [39mGET /1 302 28 - 4.394 ms
[32m[2023-02-11T18:05:51.041] [INFO] info - [39mFork Mode wroker PID:  7112
[32m[2023-02-11T18:05:55.169] [INFO] info - [39mListening on 8080
[32m[2023-02-11T18:05:55.790] [INFO] info - [39mMongo connected
[32m[2023-02-11T18:05:55.790] [INFO] info - [39mMongo Connected
[32m[2023-02-11T18:05:56.638] [INFO] info - [39mWebSockets Connected
[32m[2023-02-11T18:05:57.505] [INFO] info - [39mGET /1 302 28 - 4.485 ms
[32m[2023-02-11T18:14:13.322] [INFO] info - [39mFork Mode wroker PID:  12272
[32m[2023-02-11T18:14:19.475] [INFO] info - [39mListening on 8080
[32m[2023-02-11T18:14:20.095] [INFO] info - [39mMongo connected
[32m[2023-02-11T18:14:20.096] [INFO] info - [39mMongo Connected
[32m[2023-02-11T18:14:20.242] [INFO] info - [39mGET /chatss 500 1368 - 6.890 ms
[32m[2023-02-11T18:14:49.109] [INFO] info - [39mFork Mode wroker PID:  11732
[32m[2023-02-11T18:14:55.258] [INFO] info - [39mListening on 8080
[33m[2023-02-11T18:14:55.371] [WARN] warning - [39mRoute not yet implemented
[32m[2023-02-11T18:14:55.419] [INFO] info - [39mGET /chatss 302 56 - 28.259 ms
[32m[2023-02-11T18:14:55.838] [INFO] info - [39mMongo connected
[32m[2023-02-11T18:14:55.838] [INFO] info - [39mMongo Connected
[33m[2023-02-11T18:14:56.178] [WARN] warning - [39mRoute not yet implemented
[32m[2023-02-11T18:14:56.226] [INFO] info - [39mGET /favicon.ico 302 28 - 2.738 ms
[32m[2023-02-11T18:18:41.668] [INFO] info - [39mFork Mode wroker PID:  11148
[32m[2023-02-11T18:18:47.334] [INFO] info - [39mListening on 8080
[32m[2023-02-11T18:18:47.926] [INFO] info - [39mMongo connected
[32m[2023-02-11T18:18:47.926] [INFO] info - [39mMongo Connected
[32m[2023-02-11T18:18:51.493] [INFO] info - [39mFork Mode wroker PID:  1844
[32m[2023-02-11T18:18:56.609] [INFO] info - [39mListening on 8080
[32m[2023-02-11T18:18:57.108] [INFO] info - [39mMongo connected
[32m[2023-02-11T18:18:57.108] [INFO] info - [39mMongo Connected
[32m[2023-02-11T18:19:19.273] [INFO] info - [39mFork Mode wroker PID:  9924
[32m[2023-02-11T18:19:23.765] [INFO] info - [39mListening on 8080
[32m[2023-02-11T18:19:24.265] [INFO] info - [39mMongo connected
[32m[2023-02-11T18:19:24.265] [INFO] info - [39mMongo Connected
[32m[2023-02-11T18:27:08.449] [INFO] info - [39mFork Mode wroker PID:  2916
[32m[2023-02-11T18:27:16.330] [INFO] info - [39mListening on 8080
[32m[2023-02-11T18:27:17.023] [INFO] info - [39mMongo connected
[32m[2023-02-11T18:27:17.023] [INFO] info - [39mMongo Connected
[32m[2023-02-11T18:30:52.729] [INFO] info - [39mFork Mode wroker PID:  5884
[32m[2023-02-11T18:30:59.962] [INFO] info - [39mListening on 8080
[32m[2023-02-11T18:31:00.584] [INFO] info - [39mMongo connected
[32m[2023-02-11T18:31:00.585] [INFO] info - [39mMongo Connected
[33m[2023-02-11T18:31:27.488] [WARN] warning - [39mRoute not yet implemented
[32m[2023-02-11T18:31:27.512] [INFO] info - [39mGET / 302 56 - 14.986 ms
[33m[2023-02-11T18:31:28.097] [WARN] warning - [39mRoute not yet implemented
[32m[2023-02-11T18:31:28.147] [INFO] info - [39mGET /favicon.ico 302 28 - 5.871 ms
[33m[2023-02-11T18:31:32.056] [WARN] warning - [39mRoute not yet implemented
[32m[2023-02-11T18:31:32.098] [INFO] info - [39mGET /favicon.ico 302 28 - 1.305 ms
[33m[2023-02-11T18:31:32.899] [WARN] warning - [39mRoute not yet implemented
[32m[2023-02-11T18:31:32.943] [INFO] info - [39mGET /favicon.ico 302 28 - 1.164 ms
[33m[2023-02-11T18:31:34.360] [WARN] warning - [39mRoute not yet implemented
[32m[2023-02-11T18:31:34.404] [INFO] info - [39mGET /favicon.ico 302 28 - 0.850 ms
[32m[2023-02-11T18:32:12.427] [INFO] info - [39mFork Mode wroker PID:  11612
[32m[2023-02-11T18:32:17.466] [INFO] info - [39mListening on 8080
[32m[2023-02-11T18:32:18.131] [INFO] info - [39mMongo connected
[32m[2023-02-11T18:32:18.132] [INFO] info - [39mMongo Connected
[32m[2023-02-11T18:32:18.259] [INFO] info - [39m{
  args: [],
  so: 'win32',
  node: 'v16.16.0',
  memory: 102637568,
  path: 'C:\\Users\\aabadin\\Desktop\\node-v16.16.0-win-x64\\node.exe',
  pid: 11612,
  cwd: 'C:\\Users\\aabadin\\Documents\\code\\loginFeat'
}
[33m[2023-02-11T18:32:18.700] [WARN] warning - [39mRoute not yet implemented
[32m[2023-02-11T18:32:18.755] [INFO] info - [39mGET /favicon.ico 302 28 - 5.575 ms
[32m[2023-02-11T18:52:48.220] [INFO] info - [39mFork Mode wroker PID:  12072
[32m[2023-02-11T18:52:52.637] [INFO] info - [39mFork Mode wroker PID:  3520
[32m[2023-02-11T18:52:58.332] [INFO] info - [39mListening on 8080
[32m[2023-02-11T18:52:58.947] [INFO] info - [39mMongo connected
[32m[2023-02-11T18:52:58.947] [INFO] info - [39mMongo Connected
[32m[2023-02-11T18:53:33.391] [INFO] info - [39m{
  args: [],
  so: 'win32',
  node: 'v16.16.0',
  memory: 72007680,
  path: 'C:\\Users\\aabadin\\Desktop\\node-v16.16.0-win-x64\\node.exe',
  pid: 3520,
  cwd: 'C:\\Users\\aabadin\\Documents\\code\\loginFeat'
}
[33m[2023-02-11T18:53:33.636] [WARN] warning - [39mRoute not yet implemented
[32m[2023-02-11T18:53:33.648] [INFO] info - [39mGET /favicon.ico 302 28 - 11.604 ms
[32m[2023-02-11T18:53:49.567] [INFO] info - [39m{
  args: [],
  so: 'win32',
  node: 'v16.16.0',
  memory: 76353536,
  path: 'C:\\Users\\aabadin\\Desktop\\node-v16.16.0-win-x64\\node.exe',
  pid: 3520,
  cwd: 'C:\\Users\\aabadin\\Documents\\code\\loginFeat'
}
[33m[2023-02-11T18:53:49.964] [WARN] warning - [39mRoute not yet implemented
[32m[2023-02-11T18:53:50.014] [INFO] info - [39mGET /favicon.ico 302 28 - 2.151 ms
[32m[2023-02-11T18:53:57.283] [INFO] info - [39m{
  args: [],
  so: 'win32',
  node: 'v16.16.0',
  memory: 73461760,
  path: 'C:\\Users\\aabadin\\Desktop\\node-v16.16.0-win-x64\\node.exe',
  pid: 3520,
  cwd: 'C:\\Users\\aabadin\\Documents\\code\\loginFeat'
}
[33m[2023-02-11T18:53:57.647] [WARN] warning - [39mRoute not yet implemented
[32m[2023-02-11T18:53:57.693] [INFO] info - [39mGET /favicon.ico 302 28 - 2.854 ms
[32m[2023-02-11T18:54:25.006] [INFO] info - [39mFork Mode wroker PID:  12264
[32m[2023-02-11T18:54:34.890] [INFO] info - [39mListening on 8080
[32m[2023-02-11T18:54:35.596] [INFO] info - [39mMongo connected
[32m[2023-02-11T18:54:35.597] [INFO] info - [39mMongo Connected
[32m[2023-02-11T18:54:35.745] [INFO] info - [39m{
  args: [],
  so: 'win32',
  node: 'v16.16.0',
  memory: 102604800,
  path: 'C:\\Users\\aabadin\\Desktop\\node-v16.16.0-win-x64\\node.exe',
  pid: 12264,
  cwd: 'C:\\Users\\aabadin\\Documents\\code\\loginFeat'
}
[33m[2023-02-11T18:54:36.424] [WARN] warning - [39mRoute not yet implemented
[32m[2023-02-11T18:54:36.478] [INFO] info - [39mGET /favicon.ico 302 28 - 7.824 ms
[32m[2023-02-11T18:54:52.316] [INFO] info - [39mFork Mode wroker PID:  11736
[32m[2023-02-11T18:54:58.160] [INFO] info - [39mListening on 8080
[32m[2023-02-11T18:54:58.670] [INFO] info - [39mMongo connected
[32m[2023-02-11T18:54:58.670] [INFO] info - [39mMongo Connected
[32m[2023-02-11T18:55:11.454] [INFO] info - [39m{
  args: [],
  so: 'win32',
  node: 'v16.16.0',
  memory: 101789696,
  path: 'C:\\Users\\aabadin\\Desktop\\node-v16.16.0-win-x64\\node.exe',
  pid: 11736,
  cwd: 'C:\\Users\\aabadin\\Documents\\code\\loginFeat'
}
[33m[2023-02-11T18:55:11.970] [WARN] warning - [39mRoute not yet implemented
[32m[2023-02-11T18:55:12.023] [INFO] info - [39mGET /favicon.ico 302 28 - 8.055 ms
[32m[2023-02-11T18:55:34.077] [INFO] info - [39mFork Mode wroker PID:  5100
[32m[2023-02-11T18:55:39.814] [INFO] info - [39mListening on 8080
[32m[2023-02-11T18:55:40.387] [INFO] info - [39mMongo connected
[32m[2023-02-11T18:55:40.387] [INFO] info - [39mMongo Connected
[33m[2023-02-11T18:55:45.924] [WARN] warning - [39mRoute not yet implemented
[32m[2023-02-11T18:55:45.970] [INFO] info - [39mGET /favicon.ico 302 28 - 3.433 ms
[32m[2023-02-11T18:56:19.968] [INFO] info - [39mFork Mode wroker PID:  5068
[32m[2023-02-11T18:56:27.427] [INFO] info - [39mListening on 8080
[32m[2023-02-11T18:56:27.941] [INFO] info - [39mMongo connected
[32m[2023-02-11T18:56:27.942] [INFO] info - [39mMongo Connected
[32m[2023-02-11T18:56:30.920] [INFO] info - [39m{
  args: [],
  so: 'win32',
  node: 'v16.16.0',
  memory: 102232064,
  path: 'C:\\Users\\aabadin\\Desktop\\node-v16.16.0-win-x64\\node.exe',
  pid: 5068,
  cwd: 'C:\\Users\\aabadin\\Documents\\code\\loginFeat'
}
[33m[2023-02-11T18:56:31.666] [WARN] warning - [39mRoute not yet implemented
[32m[2023-02-11T18:56:31.717] [INFO] info - [39mGET /favicon.ico 302 28 - 8.174 ms
[32m[2023-02-14T17:16:35.353] [INFO] info - [39mWorker Created PID: 52928
[32m[2023-02-14T17:16:35.368] [INFO] info - [39mWorker Created PID: 52929
[32m[2023-02-14T17:16:35.376] [INFO] info - [39mWorker Created PID: 52930
[32m[2023-02-14T17:16:35.388] [INFO] info - [39mWorker Created PID: 52931
[32m[2023-02-14T17:16:35.402] [INFO] info - [39mWorker Created PID: 52932
[32m[2023-02-14T17:16:35.422] [INFO] info - [39mWorker Created PID: 52933
[32m[2023-02-14T17:16:35.435] [INFO] info - [39mWorker Created PID: 52935
[32m[2023-02-14T17:16:35.468] [INFO] info - [39mWorker Created PID: 52946
[32m[2023-02-14T17:16:53.815] [INFO] info - [39mListening on 8080
[32m[2023-02-14T17:16:53.825] [INFO] info - [39mListening on 8080
[32m[2023-02-14T17:16:53.861] [INFO] info - [39mListening on 8080
[32m[2023-02-14T17:16:53.876] [INFO] info - [39mListening on 8080
[32m[2023-02-14T17:16:53.843] [INFO] info - [39mListening on 8080
[32m[2023-02-14T17:16:53.933] [INFO] info - [39mListening on 8080
[32m[2023-02-14T17:16:53.911] [INFO] info - [39mListening on 8080
[32m[2023-02-14T17:16:54.026] [INFO] info - [39mListening on 8080
[32m[2023-02-14T17:16:56.137] [INFO] info - [39mMongo connected
[32m[2023-02-14T17:16:56.137] [INFO] info - [39mMongo Connected
[32m[2023-02-14T17:16:56.150] [INFO] info - [39mMongo connected
[32m[2023-02-14T17:16:56.151] [INFO] info - [39mMongo Connected
[32m[2023-02-14T17:16:56.217] [INFO] info - [39mMongo connected
[32m[2023-02-14T17:16:56.217] [INFO] info - [39mMongo Connected
[32m[2023-02-14T17:16:56.227] [INFO] info - [39mMongo connected
[32m[2023-02-14T17:16:56.227] [INFO] info - [39mMongo connected
[32m[2023-02-14T17:16:56.229] [INFO] info - [39mMongo Connected
[32m[2023-02-14T17:16:56.228] [INFO] info - [39mMongo Connected
[32m[2023-02-14T17:16:56.258] [INFO] info - [39mMongo connected
[32m[2023-02-14T17:16:56.259] [INFO] info - [39mMongo Connected
[32m[2023-02-14T17:16:56.260] [INFO] info - [39mMongo connected
[32m[2023-02-14T17:16:56.260] [INFO] info - [39mMongo Connected
[32m[2023-02-14T17:16:56.261] [INFO] info - [39mMongo connected
[32m[2023-02-14T17:16:56.262] [INFO] info - [39mMongo Connected
[33m[2023-02-14T17:21:16.632] [WARN] warning - [39mRoute not yet implemented
[32m[2023-02-14T17:21:16.655] [INFO] info - [39mGET /favicon.ico 302 28 - 17.576 ms
[32m[2023-02-14T17:28:43.520] [INFO] info - [39mWorker Created PID: 56907
[32m[2023-02-14T17:28:43.554] [INFO] info - [39mWorker Created PID: 56908
[32m[2023-02-14T17:28:43.566] [INFO] info - [39mWorker Created PID: 56909
[32m[2023-02-14T17:28:43.586] [INFO] info - [39mWorker Created PID: 56915
[32m[2023-02-14T17:28:43.601] [INFO] info - [39mWorker Created PID: 56918
[32m[2023-02-14T17:28:43.624] [INFO] info - [39mWorker Created PID: 56919
[32m[2023-02-14T17:28:43.677] [INFO] info - [39mWorker Created PID: 56925
[32m[2023-02-14T17:28:43.697] [INFO] info - [39mWorker Created PID: 56945
[32m[2023-02-14T17:29:09.100] [INFO] info - [39mListening on 8080
[32m[2023-02-14T17:29:09.135] [INFO] info - [39mListening on 8080
[32m[2023-02-14T17:29:09.148] [INFO] info - [39mListening on 8080
[32m[2023-02-14T17:29:09.175] [INFO] info - [39mListening on 8080
[32m[2023-02-14T17:29:09.230] [INFO] info - [39mListening on 8080
[32m[2023-02-14T17:29:09.398] [INFO] info - [39mListening on 8080
[32m[2023-02-14T17:29:09.444] [INFO] info - [39mListening on 8080
[32m[2023-02-14T17:29:09.460] [INFO] info - [39mListening on 8080
[32m[2023-02-14T17:29:11.237] [INFO] info - [39mMongo connected
[32m[2023-02-14T17:29:11.238] [INFO] info - [39mMongo Connected
[32m[2023-02-14T17:29:11.398] [INFO] info - [39mMongo connected
[32m[2023-02-14T17:29:11.399] [INFO] info - [39mMongo Connected
[32m[2023-02-14T17:29:11.398] [INFO] info - [39mMongo connected
[32m[2023-02-14T17:29:11.399] [INFO] info - [39mMongo Connected
[32m[2023-02-14T17:29:11.469] [INFO] info - [39mMongo connected
[32m[2023-02-14T17:29:11.471] [INFO] info - [39mMongo Connected
[32m[2023-02-14T17:29:11.489] [INFO] info - [39mMongo connected
[32m[2023-02-14T17:29:11.490] [INFO] info - [39mMongo Connected
[32m[2023-02-14T17:29:11.533] [INFO] info - [39mMongo connected
[32m[2023-02-14T17:29:11.534] [INFO] info - [39mMongo Connected
[32m[2023-02-14T17:29:11.570] [INFO] info - [39mMongo connected
[32m[2023-02-14T17:29:11.571] [INFO] info - [39mMongo Connected
[32m[2023-02-14T17:29:11.598] [INFO] info - [39mMongo connected
[32m[2023-02-14T17:29:11.599] [INFO] info - [39mMongo Connected
[33m[2023-02-14T17:29:23.762] [WARN] warning - [39mRoute not yet implemented
[32m[2023-02-14T17:29:23.956] [INFO] info - [39mGET / 302 56 - 22.601 ms
[33m[2023-02-14T17:29:25.051] [WARN] warning - [39mRoute not yet implemented
[32m[2023-02-14T17:29:25.207] [INFO] info - [39mGET /favicon.ico 302 28 - 13.856 ms
[33m[2023-02-14T17:30:04.664] [WARN] warning - [39mRoute not yet implemented
[32m[2023-02-14T17:30:04.820] [INFO] info - [39mGET /favicon.ico 302 28 - 30.590 ms
[33m[2023-02-14T17:33:57.857] [WARN] warning - [39mRoute not yet implemented
[32m[2023-02-14T17:33:57.956] [INFO] info - [39mGET /favicon.ico 302 28 - 57.467 ms
[33m[2023-02-14T17:35:17.519] [WARN] warning - [39mRoute not yet implemented
[32m[2023-02-14T17:35:17.671] [INFO] info - [39mGET /favicon.ico 302 28 - 64.400 ms
[32m[2023-02-14T17:36:28.642] [INFO] info - [39mWorker Created PID: 58389
[32m[2023-02-14T17:36:28.657] [INFO] info - [39mWorker Created PID: 58390
[32m[2023-02-14T17:36:28.665] [INFO] info - [39mWorker Created PID: 58391
[32m[2023-02-14T17:36:28.674] [INFO] info - [39mWorker Created PID: 58392
[32m[2023-02-14T17:36:28.690] [INFO] info - [39mWorker Created PID: 58393
[32m[2023-02-14T17:36:28.707] [INFO] info - [39mWorker Created PID: 58399
[32m[2023-02-14T17:36:28.749] [INFO] info - [39mWorker Created PID: 58400
[32m[2023-02-14T17:36:28.764] [INFO] info - [39mWorker Created PID: 58411
[32m[2023-02-14T17:36:47.560] [INFO] info - [39mListening on 8080
[32m[2023-02-14T17:36:47.597] [INFO] info - [39mListening on 8080
[32m[2023-02-14T17:36:47.621] [INFO] info - [39mListening on 8080
[32m[2023-02-14T17:36:47.639] [INFO] info - [39mListening on 8080
[32m[2023-02-14T17:36:47.659] [INFO] info - [39mListening on 8080
[32m[2023-02-14T17:36:47.695] [INFO] info - [39mListening on 8080
[32m[2023-02-14T17:36:47.688] [INFO] info - [39mListening on 8080
[32m[2023-02-14T17:36:47.709] [INFO] info - [39mListening on 8080
[32m[2023-02-14T17:36:49.491] [INFO] info - [39mMongo connected
[32m[2023-02-14T17:36:49.492] [INFO] info - [39mMongo Connected
[32m[2023-02-14T17:36:49.557] [INFO] info - [39mMongo connected
[32m[2023-02-14T17:36:49.558] [INFO] info - [39mMongo Connected
[32m[2023-02-14T17:36:49.563] [INFO] info - [39mMongo connected
[32m[2023-02-14T17:36:49.564] [INFO] info - [39mMongo Connected
[32m[2023-02-14T17:36:49.642] [INFO] info - [39mMongo connected
[32m[2023-02-14T17:36:49.642] [INFO] info - [39mMongo Connected
[32m[2023-02-14T17:36:49.775] [INFO] info - [39mMongo connected
[32m[2023-02-14T17:36:49.776] [INFO] info - [39mMongo Connected
[32m[2023-02-14T17:36:49.777] [INFO] info - [39mMongo connected
[32m[2023-02-14T17:36:49.777] [INFO] info - [39mMongo Connected
[32m[2023-02-14T17:36:49.798] [INFO] info - [39mMongo connected
[32m[2023-02-14T17:36:49.799] [INFO] info - [39mMongo Connected
[32m[2023-02-14T17:36:49.851] [INFO] info - [39mMongo connected
[32m[2023-02-14T17:36:49.852] [INFO] info - [39mMongo Connected
[33m[2023-02-14T17:37:08.199] [WARN] warning - [39mRoute not yet implemented
[32m[2023-02-14T17:37:08.299] [INFO] info - [39mGET /favicon.ico 302 28 - 16.274 ms
[32m[2023-02-14T18:28:00.859] [INFO] info - [39mWorker Created PID: 63116
[32m[2023-02-14T18:28:00.878] [INFO] info - [39mWorker Created PID: 63117
[32m[2023-02-14T18:28:00.888] [INFO] info - [39mWorker Created PID: 63118
[32m[2023-02-14T18:28:00.904] [INFO] info - [39mWorker Created PID: 63119
[32m[2023-02-14T18:28:00.936] [INFO] info - [39mWorker Created PID: 63125
[32m[2023-02-14T18:28:00.951] [INFO] info - [39mWorker Created PID: 63131
[32m[2023-02-14T18:28:00.968] [INFO] info - [39mWorker Created PID: 63140
[32m[2023-02-14T18:28:00.987] [INFO] info - [39mWorker Created PID: 63146
[32m[2023-02-14T18:28:11.449] [INFO] info - [39mListening on 8080
[32m[2023-02-14T18:28:11.601] [INFO] info - [39mListening on 8080
[32m[2023-02-14T18:28:11.766] [INFO] info - [39mListening on 8080
[32m[2023-02-14T18:28:12.141] [INFO] info - [39mListening on 8080
[32m[2023-02-14T18:28:12.227] [INFO] info - [39mListening on 8080
[32m[2023-02-14T18:28:12.304] [INFO] info - [39mListening on 8080
[32m[2023-02-14T18:28:12.521] [INFO] info - [39mListening on 8080
[32m[2023-02-14T18:28:12.645] [INFO] info - [39mListening on 8080
[32m[2023-02-14T18:28:18.784] [INFO] info - [39mMongo connected
[32m[2023-02-14T18:28:18.784] [INFO] info - [39mMongo Connected
[32m[2023-02-14T18:28:18.786] [INFO] info - [39mMongo connected
[32m[2023-02-14T18:28:18.787] [INFO] info - [39mMongo Connected
[32m[2023-02-14T18:28:18.787] [INFO] info - [39mMongo connected
[32m[2023-02-14T18:28:18.788] [INFO] info - [39mMongo Connected
[32m[2023-02-14T18:28:18.793] [INFO] info - [39mMongo connected
[32m[2023-02-14T18:28:18.794] [INFO] info - [39mMongo Connected
[32m[2023-02-14T18:28:18.812] [INFO] info - [39mMongo connected
[32m[2023-02-14T18:28:18.813] [INFO] info - [39mMongo Connected
[32m[2023-02-14T18:28:18.902] [INFO] info - [39mMongo connected
[32m[2023-02-14T18:28:18.902] [INFO] info - [39mMongo Connected
[32m[2023-02-14T18:28:18.912] [INFO] info - [39mMongo connected
[32m[2023-02-14T18:28:18.913] [INFO] info - [39mMongo Connected
[32m[2023-02-14T18:28:18.934] [INFO] info - [39mMongo connected
[32m[2023-02-14T18:28:18.935] [INFO] info - [39mMongo Connected
[33m[2023-02-14T18:28:42.130] [WARN] warning - [39mRoute not yet implemented
[32m[2023-02-14T18:28:42.159] [INFO] info - [39mGET /favicon.ico 302 28 - 24.323 ms
[32m[2023-02-14T18:41:40.591] [INFO] info - [39mWorker Created PID: 68551
[32m[2023-02-14T18:41:40.613] [INFO] info - [39mWorker Created PID: 68552
[32m[2023-02-14T18:41:40.622] [INFO] info - [39mWorker Created PID: 68553
[32m[2023-02-14T18:41:40.635] [INFO] info - [39mWorker Created PID: 68554
[32m[2023-02-14T18:41:40.654] [INFO] info - [39mWorker Created PID: 68555
[32m[2023-02-14T18:41:40.672] [INFO] info - [39mWorker Created PID: 68556
[32m[2023-02-14T18:41:40.724] [INFO] info - [39mWorker Created PID: 68558
[32m[2023-02-14T18:41:40.763] [INFO] info - [39mWorker Created PID: 68583
[32m[2023-02-14T18:42:01.392] [INFO] info - [39mListening on 8080
[32m[2023-02-14T18:42:01.395] [INFO] info - [39mListening on 8080
[32m[2023-02-14T18:42:01.442] [INFO] info - [39mListening on 8080
[32m[2023-02-14T18:42:01.443] [INFO] info - [39mListening on 8080
[32m[2023-02-14T18:42:01.479] [INFO] info - [39mListening on 8080
[32m[2023-02-14T18:42:01.489] [INFO] info - [39mListening on 8080
[32m[2023-02-14T18:42:01.581] [INFO] info - [39mListening on 8080
[32m[2023-02-14T18:42:01.629] [INFO] info - [39mListening on 8080
[32m[2023-02-14T18:42:05.075] [INFO] info - [39mMongo connected
[32m[2023-02-14T18:42:05.075] [INFO] info - [39mMongo Connected
[32m[2023-02-14T18:42:05.076] [INFO] info - [39mMongo connected
[32m[2023-02-14T18:42:05.076] [INFO] info - [39mMongo Connected
[32m[2023-02-14T18:42:05.175] [INFO] info - [39mMongo connected
[32m[2023-02-14T18:42:05.176] [INFO] info - [39mMongo Connected
[32m[2023-02-14T18:42:05.192] [INFO] info - [39mMongo connected
[32m[2023-02-14T18:42:05.193] [INFO] info - [39mMongo Connected
[32m[2023-02-14T18:42:05.249] [INFO] info - [39mMongo connected
[32m[2023-02-14T18:42:05.251] [INFO] info - [39mMongo Connected
[32m[2023-02-14T18:42:05.269] [INFO] info - [39mMongo connected
[32m[2023-02-14T18:42:05.270] [INFO] info - [39mMongo Connected
[32m[2023-02-14T18:42:05.314] [INFO] info - [39mMongo connected
[32m[2023-02-14T18:42:05.318] [INFO] info - [39mMongo Connected
[32m[2023-02-14T18:42:05.689] [INFO] info - [39mMongo connected
[32m[2023-02-14T18:42:05.690] [INFO] info - [39mMongo Connected
[32m[2023-02-14T18:46:50.540] [INFO] info - [39m{
  args: [ 'start', '--port=8080', '--mode=CLUSTER' ],
  so: 'linux',
  node: 'v18.12.1',
  memory: 68513792,
  path: '/usr/bin/node',
  pid: 68551,
  cwd: '/run/media/adrianabadin/code/loginFeat'
}
[32m[2023-02-14T18:46:50.555] [INFO] info - [39m{
  args: [ 'start', '--port=8080', '--mode=CLUSTER' ],
  so: 'linux',
  node: 'v18.12.1',
  memory: 80191488,
  path: '/usr/bin/node',
  pid: 68554,
  cwd: '/run/media/adrianabadin/code/loginFeat'
}
[32m[2023-02-14T18:46:50.542] [INFO] info - [39m{
  args: [ 'start', '--port=8080', '--mode=CLUSTER' ],
  so: 'linux',
  node: 'v18.12.1',
  memory: 84447232,
  path: '/usr/bin/node',
  pid: 68556,
  cwd: '/run/media/adrianabadin/code/loginFeat'
}
[32m[2023-02-14T18:46:50.602] [INFO] info - [39m{
  args: [ 'start', '--port=8080', '--mode=CLUSTER' ],
  so: 'linux',
  node: 'v18.12.1',
  memory: 91189248,
  path: '/usr/bin/node',
  pid: 68552,
  cwd: '/run/media/adrianabadin/code/loginFeat'
}
[32m[2023-02-14T18:46:50.604] [INFO] info - [39m{
  args: [ 'start', '--port=8080', '--mode=CLUSTER' ],
  so: 'linux',
  node: 'v18.12.1',
  memory: 93474816,
  path: '/usr/bin/node',
  pid: 68558,
  cwd: '/run/media/adrianabadin/code/loginFeat'
}
[32m[2023-02-14T18:46:50.608] [INFO] info - [39m{
  args: [ 'start', '--port=8080', '--mode=CLUSTER' ],
  so: 'linux',
  node: 'v18.12.1',
  memory: 68775936,
  path: '/usr/bin/node',
  pid: 68553,
  cwd: '/run/media/adrianabadin/code/loginFeat'
}
[32m[2023-02-14T18:46:50.644] [INFO] info - [39m{
  args: [ 'start', '--port=8080', '--mode=CLUSTER' ],
  so: 'linux',
  node: 'v18.12.1',
  memory: 75476992,
  path: '/usr/bin/node',
  pid: 68583,
  cwd: '/run/media/adrianabadin/code/loginFeat'
}
[32m[2023-02-14T18:46:50.652] [INFO] info - [39m{
  args: [ 'start', '--port=8080', '--mode=CLUSTER' ],
  so: 'linux',
  node: 'v18.12.1',
  memory: 88354816,
  path: '/usr/bin/node',
  pid: 68555,
  cwd: '/run/media/adrianabadin/code/loginFeat'
}
[32m[2023-02-14T18:46:50.653] [INFO] info - [39m{
  args: [ 'start', '--port=8080', '--mode=CLUSTER' ],
  so: 'linux',
  node: 'v18.12.1',
  memory: 70197248,
  path: '/usr/bin/node',
  pid: 68551,
  cwd: '/run/media/adrianabadin/code/loginFeat'
}
[32m[2023-02-14T18:46:50.668] [INFO] info - [39m{
  args: [ 'start', '--port=8080', '--mode=CLUSTER' ],
  so: 'linux',
  node: 'v18.12.1',
  memory: 85815296,
  path: '/usr/bin/node',
  pid: 68556,
  cwd: '/run/media/adrianabadin/code/loginFeat'
}
[32m[2023-02-14T18:46:50.681] [INFO] info - [39m{
  args: [ 'start', '--port=8080', '--mode=CLUSTER' ],
  so: 'linux',
  node: 'v18.12.1',
  memory: 81383424,
  path: '/usr/bin/node',
  pid: 68554,
  cwd: '/run/media/adrianabadin/code/loginFeat'
}
[32m[2023-02-14T18:46:50.697] [INFO] info - [39m{
  args: [ 'start', '--port=8080', '--mode=CLUSTER' ],
  so: 'linux',
  node: 'v18.12.1',
  memory: 95830016,
  path: '/usr/bin/node',
  pid: 68558,
  cwd: '/run/media/adrianabadin/code/loginFeat'
}
[32m[2023-02-14T18:46:50.715] [INFO] info - [39m{
  args: [ 'start', '--port=8080', '--mode=CLUSTER' ],
  so: 'linux',
  node: 'v18.12.1',
  memory: 93532160,
  path: '/usr/bin/node',
  pid: 68552,
  cwd: '/run/media/adrianabadin/code/loginFeat'
}
[32m[2023-02-14T18:46:50.745] [INFO] info - [39m{
  args: [ 'start', '--port=8080', '--mode=CLUSTER' ],
  so: 'linux',
  node: 'v18.12.1',
  memory: 70148096,
  path: '/usr/bin/node',
  pid: 68553,
  cwd: '/run/media/adrianabadin/code/loginFeat'
}
[32m[2023-02-14T18:46:50.760] [INFO] info - [39m{
  args: [ 'start', '--port=8080', '--mode=CLUSTER' ],
  so: 'linux',
  node: 'v18.12.1',
  memory: 77484032,
  path: '/usr/bin/node',
  pid: 68583,
  cwd: '/run/media/adrianabadin/code/loginFeat'
}
[32m[2023-02-14T18:46:50.781] [INFO] info - [39m{
  args: [ 'start', '--port=8080', '--mode=CLUSTER' ],
  so: 'linux',
  node: 'v18.12.1',
  memory: 89382912,
  path: '/usr/bin/node',
  pid: 68555,
  cwd: '/run/media/adrianabadin/code/loginFeat'
}
[32m[2023-02-14T18:46:50.797] [INFO] info - [39m{
  args: [ 'start', '--port=8080', '--mode=CLUSTER' ],
  so: 'linux',
  node: 'v18.12.1',
  memory: 70197248,
  path: '/usr/bin/node',
  pid: 68551,
  cwd: '/run/media/adrianabadin/code/loginFeat'
}
[32m[2023-02-14T18:46:50.815] [INFO] info - [39m{
  args: [ 'start', '--port=8080', '--mode=CLUSTER' ],
  so: 'linux',
  node: 'v18.12.1',
  memory: 86044672,
  path: '/usr/bin/node',
  pid: 68556,
  cwd: '/run/media/adrianabadin/code/loginFeat'
}
[32m[2023-02-14T18:46:50.845] [INFO] info - [39m{
  args: [ 'start', '--port=8080', '--mode=CLUSTER' ],
  so: 'linux',
  node: 'v18.12.1',
  memory: 76587008,
  path: '/usr/bin/node',
  pid: 68554,
  cwd: '/run/media/adrianabadin/code/loginFeat'
}
[32m[2023-02-14T18:46:50.926] [INFO] info - [39m{
  args: [ 'start', '--port=8080', '--mode=CLUSTER' ],
  so: 'linux',
  node: 'v18.12.1',
  memory: 95035392,
  path: '/usr/bin/node',
  pid: 68558,
  cwd: '/run/media/adrianabadin/code/loginFeat'
}
[32m[2023-02-14T18:46:50.934] [INFO] info - [39m{
  args: [ 'start', '--port=8080', '--mode=CLUSTER' ],
  so: 'linux',
  node: 'v18.12.1',
  memory: 71483392,
  path: '/usr/bin/node',
  pid: 68553,
  cwd: '/run/media/adrianabadin/code/loginFeat'
}
[32m[2023-02-14T18:46:51.029] [INFO] info - [39m{
  args: [ 'start', '--port=8080', '--mode=CLUSTER' ],
  so: 'linux',
  node: 'v18.12.1',
  memory: 73355264,
  path: '/usr/bin/node',
  pid: 68552,
  cwd: '/run/media/adrianabadin/code/loginFeat'
}
[32m[2023-02-14T18:46:51.074] [INFO] info - [39m{
  args: [ 'start', '--port=8080', '--mode=CLUSTER' ],
  so: 'linux',
  node: 'v18.12.1',
  memory: 91734016,
  path: '/usr/bin/node',
  pid: 68555,
  cwd: '/run/media/adrianabadin/code/loginFeat'
}
[32m[2023-02-14T18:46:51.128] [INFO] info - [39m{
  args: [ 'start', '--port=8080', '--mode=CLUSTER' ],
  so: 'linux',
  node: 'v18.12.1',
  memory: 85549056,
  path: '/usr/bin/node',
  pid: 68556,
  cwd: '/run/media/adrianabadin/code/loginFeat'
}
[32m[2023-02-14T18:46:51.136] [INFO] info - [39m{
  args: [ 'start', '--port=8080', '--mode=CLUSTER' ],
  so: 'linux',
  node: 'v18.12.1',
  memory: 77205504,
  path: '/usr/bin/node',
  pid: 68583,
  cwd: '/run/media/adrianabadin/code/loginFeat'
}
[32m[2023-02-14T18:46:51.170] [INFO] info - [39m{
  args: [ 'start', '--port=8080', '--mode=CLUSTER' ],
  so: 'linux',
  node: 'v18.12.1',
  memory: 69812224,
  path: '/usr/bin/node',
  pid: 68551,
  cwd: '/run/media/adrianabadin/code/loginFeat'
}
[32m[2023-02-14T18:46:51.181] [INFO] info - [39m{
  args: [ 'start', '--port=8080', '--mode=CLUSTER' ],
  so: 'linux',
  node: 'v18.12.1',
  memory: 77434880,
  path: '/usr/bin/node',
  pid: 68554,
  cwd: '/run/media/adrianabadin/code/loginFeat'
}
[32m[2023-02-14T18:46:51.214] [INFO] info - [39m{
  args: [ 'start', '--port=8080', '--mode=CLUSTER' ],
  so: 'linux',
  node: 'v18.12.1',
  memory: 96067584,
  path: '/usr/bin/node',
  pid: 68558,
  cwd: '/run/media/adrianabadin/code/loginFeat'
}
[32m[2023-02-14T18:46:51.218] [INFO] info - [39m{
  args: [ 'start', '--port=8080', '--mode=CLUSTER' ],
  so: 'linux',
  node: 'v18.12.1',
  memory: 71659520,
  path: '/usr/bin/node',
  pid: 68553,
  cwd: '/run/media/adrianabadin/code/loginFeat'
}
[32m[2023-02-14T18:46:51.255] [INFO] info - [39m{
  args: [ 'start', '--port=8080', '--mode=CLUSTER' ],
  so: 'linux',
  node: 'v18.12.1',
  memory: 86216704,
  path: '/usr/bin/node',
  pid: 68555,
  cwd: '/run/media/adrianabadin/code/loginFeat'
}
[32m[2023-02-14T18:46:51.282] [INFO] info - [39m{
  args: [ 'start', '--port=8080', '--mode=CLUSTER' ],
  so: 'linux',
  node: 'v18.12.1',
  memory: 73740288,
  path: '/usr/bin/node',
  pid: 68552,
  cwd: '/run/media/adrianabadin/code/loginFeat'
}
[32m[2023-02-14T18:46:51.293] [INFO] info - [39m{
  args: [ 'start', '--port=8080', '--mode=CLUSTER' ],
  so: 'linux',
  node: 'v18.12.1',
  memory: 77938688,
  path: '/usr/bin/node',
  pid: 68583,
  cwd: '/run/media/adrianabadin/code/loginFeat'
}
[32m[2023-02-14T18:46:51.305] [INFO] info - [39m{
  args: [ 'start', '--port=8080', '--mode=CLUSTER' ],
  so: 'linux',
  node: 'v18.12.1',
  memory: 86282240,
  path: '/usr/bin/node',
  pid: 68556,
  cwd: '/run/media/adrianabadin/code/loginFeat'
}
[32m[2023-02-14T18:46:51.317] [INFO] info - [39m{
  args: [ 'start', '--port=8080', '--mode=CLUSTER' ],
  so: 'linux',
  node: 'v18.12.1',
  memory: 96153600,
  path: '/usr/bin/node',
  pid: 68558,
  cwd: '/run/media/adrianabadin/code/loginFeat'
}
[32m[2023-02-14T18:46:51.329] [INFO] info - [39m{
  args: [ 'start', '--port=8080', '--mode=CLUSTER' ],
  so: 'linux',
  node: 'v18.12.1',
  memory: 72101888,
  path: '/usr/bin/node',
  pid: 68553,
  cwd: '/run/media/adrianabadin/code/loginFeat'
}
[32m[2023-02-14T18:46:51.336] [INFO] info - [39m{
  args: [ 'start', '--port=8080', '--mode=CLUSTER' ],
  so: 'linux',
  node: 'v18.12.1',
  memory: 77197312,
  path: '/usr/bin/node',
  pid: 68554,
  cwd: '/run/media/adrianabadin/code/loginFeat'
}
[32m[2023-02-14T18:46:51.349] [INFO] info - [39m{
  args: [ 'start', '--port=8080', '--mode=CLUSTER' ],
  so: 'linux',
  node: 'v18.12.1',
  memory: 70733824,
  path: '/usr/bin/node',
  pid: 68551,
  cwd: '/run/media/adrianabadin/code/loginFeat'
}
[32m[2023-02-14T18:46:51.361] [INFO] info - [39m{
  args: [ 'start', '--port=8080', '--mode=CLUSTER' ],
  so: 'linux',
  node: 'v18.12.1',
  memory: 85364736,
  path: '/usr/bin/node',
  pid: 68555,
  cwd: '/run/media/adrianabadin/code/loginFeat'
}
[32m[2023-02-14T18:46:51.368] [INFO] info - [39m{
  args: [ 'start', '--port=8080', '--mode=CLUSTER' ],
  so: 'linux',
  node: 'v18.12.1',
  memory: 74440704,
  path: '/usr/bin/node',
  pid: 68552,
  cwd: '/run/media/adrianabadin/code/loginFeat'
}
[32m[2023-02-14T18:46:51.378] [INFO] info - [39m{
  args: [ 'start', '--port=8080', '--mode=CLUSTER' ],
  so: 'linux',
  node: 'v18.12.1',
  memory: 80625664,
  path: '/usr/bin/node',
  pid: 68583,
  cwd: '/run/media/adrianabadin/code/loginFeat'
}
[32m[2023-02-14T18:46:51.390] [INFO] info - [39m{
  args: [ 'start', '--port=8080', '--mode=CLUSTER' ],
  so: 'linux',
  node: 'v18.12.1',
  memory: 86265856,
  path: '/usr/bin/node',
  pid: 68556,
  cwd: '/run/media/adrianabadin/code/loginFeat'
}
[32m[2023-02-14T18:46:51.402] [INFO] info - [39m{
  args: [ 'start', '--port=8080', '--mode=CLUSTER' ],
  so: 'linux',
  node: 'v18.12.1',
  memory: 96288768,
  path: '/usr/bin/node',
  pid: 68558,
  cwd: '/run/media/adrianabadin/code/loginFeat'
}
[32m[2023-02-14T18:46:51.415] [INFO] info - [39m{
  args: [ 'start', '--port=8080', '--mode=CLUSTER' ],
  so: 'linux',
  node: 'v18.12.1',
  memory: 72232960,
  path: '/usr/bin/node',
  pid: 68553,
  cwd: '/run/media/adrianabadin/code/loginFeat'
}
[32m[2023-02-14T18:46:51.428] [INFO] info - [39m{
  args: [ 'start', '--port=8080', '--mode=CLUSTER' ],
  so: 'linux',
  node: 'v18.12.1',
  memory: 76935168,
  path: '/usr/bin/node',
  pid: 68554,
  cwd: '/run/media/adrianabadin/code/loginFeat'
}
[32m[2023-02-14T18:46:51.439] [INFO] info - [39m{
  args: [ 'start', '--port=8080', '--mode=CLUSTER' ],
  so: 'linux',
  node: 'v18.12.1',
  memory: 70574080,
  path: '/usr/bin/node',
  pid: 68551,
  cwd: '/run/media/adrianabadin/code/loginFeat'
}
[32m[2023-02-14T18:46:51.446] [INFO] info - [39m{
  args: [ 'start', '--port=8080', '--mode=CLUSTER' ],
  so: 'linux',
  node: 'v18.12.1',
  memory: 86114304,
  path: '/usr/bin/node',
  pid: 68555,
  cwd: '/run/media/adrianabadin/code/loginFeat'
}
[32m[2023-02-14T18:46:51.454] [INFO] info - [39m{
  args: [ 'start', '--port=8080', '--mode=CLUSTER' ],
  so: 'linux',
  node: 'v18.12.1',
  memory: 74227712,
  path: '/usr/bin/node',
  pid: 68552,
  cwd: '/run/media/adrianabadin/code/loginFeat'
}
[32m[2023-02-14T18:46:51.464] [INFO] info - [39m{
  args: [ 'start', '--port=8080', '--mode=CLUSTER' ],
  so: 'linux',
  node: 'v18.12.1',
  memory: 81833984,
  path: '/usr/bin/node',
  pid: 68583,
  cwd: '/run/media/adrianabadin/code/loginFeat'
}
[32m[2023-02-14T18:46:51.476] [INFO] info - [39m{
  args: [ 'start', '--port=8080', '--mode=CLUSTER' ],
  so: 'linux',
  node: 'v18.12.1',
  memory: 86790144,
  path: '/usr/bin/node',
  pid: 68556,
  cwd: '/run/media/adrianabadin/code/loginFeat'
}
[32m[2023-02-14T18:46:51.484] [INFO] info - [39m{
  args: [ 'start', '--port=8080', '--mode=CLUSTER' ],
  so: 'linux',
  node: 'v18.12.1',
  memory: 96329728,
  path: '/usr/bin/node',
  pid: 68558,
  cwd: '/run/media/adrianabadin/code/loginFeat'
}
[32m[2023-02-14T18:47:01.421] [INFO] info - [39m{
  args: [ 'start', '--port=8080', '--mode=CLUSTER' ],
  so: 'linux',
  node: 'v18.12.1',
  memory: 72912896,
  path: '/usr/bin/node',
  pid: 68553,
  cwd: '/run/media/adrianabadin/code/loginFeat'
}
[32m[2023-02-14T18:53:41.130] [INFO] info - [39mWorker Created PID: 106492
[32m[2023-02-14T18:53:41.163] [INFO] info - [39mWorker Created PID: 106494
[32m[2023-02-14T18:53:41.177] [INFO] info - [39mWorker Created PID: 106495
[32m[2023-02-14T18:53:41.190] [INFO] info - [39mWorker Created PID: 106501
[32m[2023-02-14T18:53:41.201] [INFO] info - [39mWorker Created PID: 106502
[32m[2023-02-14T18:53:41.217] [INFO] info - [39mWorker Created PID: 106503
[32m[2023-02-14T18:53:41.247] [INFO] info - [39mWorker Created PID: 106504
[32m[2023-02-14T18:53:41.263] [INFO] info - [39mWorker Created PID: 106512
[32m[2023-02-14T18:54:00.475] [INFO] info - [39mListening on 8080
[32m[2023-02-14T18:54:00.487] [INFO] info - [39mListening on 8080
[32m[2023-02-14T18:54:00.479] [INFO] info - [39mListening on 8080
[32m[2023-02-14T18:54:00.581] [INFO] info - [39mListening on 8080
[32m[2023-02-14T18:54:00.602] [INFO] info - [39mListening on 8080
[32m[2023-02-14T18:54:00.613] [INFO] info - [39mListening on 8080
[32m[2023-02-14T18:54:00.643] [INFO] info - [39mListening on 8080
[32m[2023-02-14T18:54:00.720] [INFO] info - [39mListening on 8080
[32m[2023-02-14T18:54:03.097] [INFO] info - [39mMongo connected
[32m[2023-02-14T18:54:03.097] [INFO] info - [39mMongo Connected
[32m[2023-02-14T18:54:03.125] [INFO] info - [39mMongo connected
[32m[2023-02-14T18:54:03.126] [INFO] info - [39mMongo Connected
[32m[2023-02-14T18:54:03.163] [INFO] info - [39mMongo connected
[32m[2023-02-14T18:54:03.163] [INFO] info - [39mMongo Connected
[32m[2023-02-14T18:54:03.294] [INFO] info - [39mMongo connected
[32m[2023-02-14T18:54:03.294] [INFO] info - [39mMongo Connected
[32m[2023-02-14T18:54:03.455] [INFO] info - [39mMongo connected
[32m[2023-02-14T18:54:03.455] [INFO] info - [39mMongo Connected
[32m[2023-02-14T18:54:03.526] [INFO] info - [39mMongo connected
[32m[2023-02-14T18:54:03.526] [INFO] info - [39mMongo Connected
[32m[2023-02-14T18:54:03.549] [INFO] info - [39mMongo connected
[32m[2023-02-14T18:54:03.549] [INFO] info - [39mMongo Connected
[32m[2023-02-14T18:54:04.008] [INFO] info - [39mMongo connected
[32m[2023-02-14T18:54:04.008] [INFO] info - [39mMongo Connected
[32m[2023-02-15T14:22:28.741] [INFO] info - [39mFork Mode wroker PID:  4252
[32m[2023-02-15T14:22:45.900] [INFO] info - [39mListening on 8080
[32m[2023-02-15T14:22:49.564] [INFO] info - [39mMongo connected
[32m[2023-02-15T14:22:49.564] [INFO] info - [39mMongo Connected
[32m[2023-02-15T14:36:01.091] [INFO] info - [39mFork Mode wroker PID:  6642
[32m[2023-02-15T14:36:11.918] [INFO] info - [39mListening on 8080
[32m[2023-02-15T14:36:11.923] [INFO] info - [39mMongo Connected
[32m[2023-02-15T14:36:14.769] [INFO] info - [39mListening on 8080
[32m[2023-02-15T14:36:16.896] [INFO] info - [39mMongo connected
[32m[2023-02-15T14:36:16.897] [INFO] info - [39mMongo Connected
[32m[2023-02-15T14:42:42.505] [INFO] info - [39mFork Mode wroker PID:  8815
[32m[2023-02-15T14:42:55.159] [INFO] info - [39mListening on 8080
[32m[2023-02-15T14:42:56.877] [INFO] info - [39mMongo connected
[32m[2023-02-15T14:42:56.878] [INFO] info - [39mMongo Connected
[32m[2023-02-15T14:49:44.935] [INFO] info - [39mFork Mode wroker PID:  11348
[32m[2023-02-15T14:49:47.546] [INFO] info - [39mListening on 8080
[32m[2023-02-15T14:49:50.741] [INFO] info - [39mMongo connected
[32m[2023-02-15T14:49:50.742] [INFO] info - [39mMongo Connected
[32m[2023-02-15T17:16:36.406] [INFO] info - [39mFork Mode wroker PID:  4186
[32m[2023-02-15T17:16:52.768] [INFO] info - [39mListening on 8080
[32m[2023-02-15T17:16:54.219] [INFO] info - [39mMongo connected
[32m[2023-02-15T17:16:54.220] [INFO] info - [39mMongo Connected
