[2023-02-11T16:39:18.084] [INFO] info - Fork Mode wroker PID:  10772
[2023-02-11T16:39:22.745] [INFO] info - Listening on 8080
[2023-02-11T16:39:23.257] [INFO] info - Mongo connected
[2023-02-11T16:39:23.258] [INFO] info - Mongo Connected
[2023-02-11T16:41:09.721] [INFO] info - Fork Mode wroker PID:  1164
[2023-02-11T16:41:14.327] [INFO] info - Listening on 8080
[2023-02-11T16:41:15.011] [INFO] info - Mongo connected
[2023-02-11T16:41:15.012] [INFO] info - Mongo Connected
[2023-02-11T16:41:20.361] [INFO] info - Fork Mode wroker PID:  4456
[2023-02-11T16:41:24.644] [INFO] info - Listening on 8080
[2023-02-11T16:41:25.163] [INFO] info - Mongo connected
[2023-02-11T16:41:25.163] [INFO] info - Mongo Connected
[2023-02-11T16:42:02.800] [INFO] info - Fork Mode wroker PID:  9360
[2023-02-11T16:42:07.655] [INFO] info - Listening on 8080
[2023-02-11T16:42:08.342] [INFO] info - Mongo connected
[2023-02-11T16:42:08.343] [INFO] info - Mongo Connected
[2023-02-11T16:42:13.839] [INFO] info - Fork Mode wroker PID:  8860
[2023-02-11T16:42:17.971] [INFO] info - Listening on 8080
[2023-02-11T16:42:18.635] [INFO] info - Mongo connected
[2023-02-11T16:42:18.635] [INFO] info - Mongo Connected
[2023-02-11T16:44:53.008] [INFO] info - Fork Mode wroker PID:  7112
[2023-02-11T16:44:58.264] [INFO] info - Listening on 8080
[2023-02-11T16:44:58.885] [INFO] info - Mongo connected
[2023-02-11T16:44:58.886] [INFO] info - Mongo Connected
[2023-02-11T16:45:28.504] [INFO] info - Fork Mode wroker PID:  8132
[2023-02-11T16:45:33.258] [INFO] info - Listening on 8080
[2023-02-11T16:45:33.823] [INFO] info - Mongo connected
[2023-02-11T16:45:33.824] [INFO] info - Mongo Connected
[2023-02-11T16:45:37.009] [INFO] info - Fork Mode wroker PID:  1048
[2023-02-11T16:45:42.518] [INFO] info - Listening on 8080
[2023-02-11T16:45:43.033] [INFO] info - Mongo connected
[2023-02-11T16:45:43.033] [INFO] info - Mongo Connected
[32m[2023-02-11T16:45:46.097] [INFO] info - [39mFork Mode wroker PID:  3584
[32m[2023-02-11T16:45:51.582] [INFO] info - [39mListening on 8080
[32m[2023-02-11T16:45:52.108] [INFO] info - [39mMongo connected
[32m[2023-02-11T16:45:52.109] [INFO] info - [39mMongo Connected
[32m[2023-02-11T16:47:05.579] [INFO] info - [39mFork Mode wroker PID:  9840
[32m[2023-02-11T16:47:11.865] [INFO] info - [39mListening on 8080
[32m[2023-02-11T16:47:12.528] [INFO] info - [39mMongo connected
[32m[2023-02-11T16:47:12.529] [INFO] info - [39mMongo Connected
[32m[2023-02-11T16:47:18.983] [INFO] info - [39mFork Mode wroker PID:  8344
[32m[2023-02-11T16:47:21.666] [INFO] info - [39mFork Mode wroker PID:  6124
[32m[2023-02-11T16:47:25.799] [INFO] info - [39mListening on 8080
[32m[2023-02-11T16:47:26.341] [INFO] info - [39mMongo connected
[32m[2023-02-11T16:47:26.341] [INFO] info - [39mMongo Connected
[32m[2023-02-11T16:48:10.021] [INFO] info - [39mFork Mode wroker PID:  11524
[32m[2023-02-11T16:48:16.590] [INFO] info - [39mListening on 8080
[32m[2023-02-11T16:48:17.218] [INFO] info - [39mMongo connected
[32m[2023-02-11T16:48:17.218] [INFO] info - [39mMongo Connected
[32m[2023-02-11T16:48:25.387] [INFO] info - [39mFork Mode wroker PID:  12032
[32m[2023-02-11T16:48:29.587] [INFO] info - [39mListening on 8080
[32m[2023-02-11T16:48:30.120] [INFO] info - [39mMongo connected
[32m[2023-02-11T16:48:30.121] [INFO] info - [39mMongo Connected
[32m[2023-02-11T16:53:48.471] [INFO] info - [39mFork Mode wroker PID:  1120
[32m[2023-02-11T16:53:52.807] [INFO] info - [39mFork Mode wroker PID:  10100
[32m[2023-02-11T16:53:58.286] [INFO] info - [39mListening on 8080
[32m[2023-02-11T16:53:58.901] [INFO] info - [39mMongo connected
[32m[2023-02-11T16:53:58.901] [INFO] info - [39mMongo Connected
[32m[2023-02-11T16:54:32.299] [INFO] info - [39mFork Mode wroker PID:  10944
[32m[2023-02-11T16:54:36.631] [INFO] info - [39mListening on 8080
[32m[2023-02-11T16:54:37.155] [INFO] info - [39mMongo connected
[32m[2023-02-11T16:54:37.156] [INFO] info - [39mMongo Connected
[32m[2023-02-11T16:55:52.902] [INFO] info - [39mFork Mode wroker PID:  11516
[32m[2023-02-11T16:55:57.236] [INFO] info - [39mListening on 8080
[32m[2023-02-11T16:55:57.932] [INFO] info - [39mMongo connected
[32m[2023-02-11T16:55:57.933] [INFO] info - [39mMongo Connected
[32m[2023-02-11T16:56:46.194] [INFO] info - [39mFork Mode wroker PID:  9468
[32m[2023-02-11T16:56:51.306] [INFO] info - [39mListening on 8080
[32m[2023-02-11T16:56:51.788] [INFO] info - [39mMongo connected
[32m[2023-02-11T16:56:51.788] [INFO] info - [39mMongo Connected
[32m[2023-02-11T16:57:00.613] [INFO] info - [39mFork Mode wroker PID:  11356
[32m[2023-02-11T16:57:05.832] [INFO] info - [39mListening on 8080
[32m[2023-02-11T16:57:06.433] [INFO] info - [39mMongo connected
[32m[2023-02-11T16:57:06.433] [INFO] info - [39mMongo Connected
[32m[2023-02-11T16:57:57.318] [INFO] info - [39mWebSockets Connected
[32m[2023-02-11T17:00:07.616] [INFO] info - [39mFork Mode wroker PID:  11756
[32m[2023-02-11T17:00:12.239] [INFO] info - [39mListening on 8080
[32m[2023-02-11T17:00:12.879] [INFO] info - [39mMongo connected
[32m[2023-02-11T17:00:12.880] [INFO] info - [39mMongo Connected
[32m[2023-02-11T17:00:13.015] [INFO] info - [39mWebSockets Connected
[32m[2023-02-11T17:53:48.122] [INFO] info - [39mFork Mode wroker PID:  7972
[32m[2023-02-11T17:53:54.569] [INFO] info - [39mListening on 8080
[32m[2023-02-11T17:53:54.648] [INFO] info - [39mWebSockets Connected
[32m[2023-02-11T17:53:55.166] [INFO] info - [39mMongo connected
[32m[2023-02-11T17:53:55.166] [INFO] info - [39mMongo Connected
[32m[2023-02-11T17:54:21.843] [INFO] info - [39mFork Mode wroker PID:  11184
[32m[2023-02-11T17:54:26.625] [INFO] info - [39mListening on 8080
[32m[2023-02-11T17:54:27.172] [INFO] info - [39mMongo connected
[32m[2023-02-11T17:54:27.173] [INFO] info - [39mMongo Connected
[32m[2023-02-11T17:54:27.658] [INFO] info - [39mWebSockets Connected
[32m[2023-02-11T17:55:24.682] [INFO] info - [39mFork Mode wroker PID:  9896
[32m[2023-02-11T17:55:29.784] [INFO] info - [39mListening on 8080
[32m[2023-02-11T17:55:30.409] [INFO] info - [39mMongo connected
[32m[2023-02-11T17:55:30.410] [INFO] info - [39mMongo Connected
[32m[2023-02-11T17:55:30.481] [INFO] info - [39mWebSockets Connected
[32m[2023-02-11T17:55:41.217] [INFO] info - [39mFork Mode wroker PID:  9072
[32m[2023-02-11T17:55:45.934] [INFO] info - [39mListening on 8080
[32m[2023-02-11T17:55:46.481] [INFO] info - [39mMongo connected
[32m[2023-02-11T17:55:46.482] [INFO] info - [39mMongo Connected
[32m[2023-02-11T17:55:47.638] [INFO] info - [39mWebSockets Connected
[32m[2023-02-11T17:56:50.433] [INFO] info - [39mFork Mode wroker PID:  12264
[32m[2023-02-11T17:56:54.970] [INFO] info - [39mListening on 8080
[32m[2023-02-11T17:56:55.549] [INFO] info - [39mMongo connected
[32m[2023-02-11T17:56:55.549] [INFO] info - [39mMongo Connected
[32m[2023-02-11T17:56:57.654] [INFO] info - [39mWebSockets Connected
[32m[2023-02-11T17:57:24.351] [INFO] info - [39mFork Mode wroker PID:  12052
[32m[2023-02-11T17:57:30.611] [INFO] info - [39mListening on 8080
[32m[2023-02-11T17:57:31.306] [INFO] info - [39mMongo connected
[32m[2023-02-11T17:57:31.306] [INFO] info - [39mMongo Connected
[32m[2023-02-11T17:57:31.634] [INFO] info - [39mWebSockets Connected
[32m[2023-02-11T17:57:45.929] [INFO] info - [39mFork Mode wroker PID:  10316
[32m[2023-02-11T17:57:51.636] [INFO] info - [39mListening on 8080
[32m[2023-02-11T17:57:52.182] [INFO] info - [39mMongo connected
[32m[2023-02-11T17:57:52.183] [INFO] info - [39mMongo Connected
[32m[2023-02-11T17:57:52.609] [INFO] info - [39mWebSockets Connected
[32m[2023-02-11T17:58:09.910] [INFO] info - [39mFork Mode wroker PID:  12276
[32m[2023-02-11T17:58:14.150] [INFO] info - [39mListening on 8080
[32m[2023-02-11T17:58:14.796] [INFO] info - [39mMongo connected
[32m[2023-02-11T17:58:14.796] [INFO] info - [39mMongo Connected
[32m[2023-02-11T17:58:15.646] [INFO] info - [39mWebSockets Connected
[32m[2023-02-11T17:58:39.674] [INFO] info - [39mFork Mode wroker PID:  1804
[32m[2023-02-11T17:58:44.269] [INFO] info - [39mListening on 8080
[32m[2023-02-11T17:58:44.831] [INFO] info - [39mMongo connected
[32m[2023-02-11T17:58:44.832] [INFO] info - [39mMongo Connected
[32m[2023-02-11T17:58:46.647] [INFO] info - [39mWebSockets Connected
[32m[2023-02-11T17:58:57.152] [INFO] info - [39mFork Mode wroker PID:  9072
[32m[2023-02-11T17:59:00.658] [INFO] info - [39mFork Mode wroker PID:  7340
[32m[2023-02-11T17:59:07.916] [INFO] info - [39mListening on 8080
[32m[2023-02-11T17:59:08.489] [INFO] info - [39mMongo connected
[32m[2023-02-11T17:59:08.489] [INFO] info - [39mMongo Connected
[32m[2023-02-11T17:59:11.495] [INFO] info - [39mFork Mode wroker PID:  11284
[32m[2023-02-11T17:59:19.134] [INFO] info - [39mListening on 8080
[32m[2023-02-11T17:59:19.911] [INFO] info - [39mMongo connected
[32m[2023-02-11T17:59:19.912] [INFO] info - [39mMongo Connected
[32m[2023-02-11T17:59:20.020] [INFO] info - [39mWebSockets Connected
[32m[2023-02-11T17:59:26.375] [INFO] info - [39mFork Mode wroker PID:  11360
[32m[2023-02-11T17:59:30.912] [INFO] info - [39mListening on 8080
[32m[2023-02-11T17:59:31.434] [INFO] info - [39mMongo connected
[32m[2023-02-11T17:59:31.434] [INFO] info - [39mMongo Connected
[32m[2023-02-11T17:59:32.749] [INFO] info - [39mWebSockets Connected
[32m[2023-02-11T17:59:48.320] [INFO] info - [39mFork Mode wroker PID:  1212
[32m[2023-02-11T17:59:55.247] [INFO] info - [39mListening on 8080
[32m[2023-02-11T17:59:55.792] [INFO] info - [39mMongo connected
[32m[2023-02-11T17:59:55.792] [INFO] info - [39mMongo Connected
[32m[2023-02-11T17:59:55.873] [INFO] info - [39mWebSockets Connected
[32m[2023-02-11T18:00:14.622] [INFO] info - [39mFork Mode wroker PID:  10512
[32m[2023-02-11T18:00:22.055] [INFO] info - [39mListening on 8080
[32m[2023-02-11T18:00:22.751] [INFO] info - [39mMongo connected
[32m[2023-02-11T18:00:22.751] [INFO] info - [39mMongo Connected
[32m[2023-02-11T18:00:22.890] [INFO] info - [39mWebSockets Connected
[32m[2023-02-11T18:00:30.598] [INFO] info - [39mFork Mode wroker PID:  4844
[32m[2023-02-11T18:00:34.763] [INFO] info - [39mListening on 8080
[32m[2023-02-11T18:00:35.273] [INFO] info - [39mMongo connected
[32m[2023-02-11T18:00:35.273] [INFO] info - [39mMongo Connected
[32m[2023-02-11T18:00:37.640] [INFO] info - [39mWebSockets Connected
[32m[2023-02-11T18:01:13.197] [INFO] info - [39mFork Mode wroker PID:  10344
[32m[2023-02-11T18:01:17.721] [INFO] info - [39mListening on 8080
[32m[2023-02-11T18:01:18.233] [INFO] info - [39mMongo connected
[32m[2023-02-11T18:01:18.234] [INFO] info - [39mMongo Connected
[32m[2023-02-11T18:01:20.644] [INFO] info - [39mWebSockets Connected
[32m[2023-02-11T18:01:23.627] [INFO] info - [39mFork Mode wroker PID:  6076
[32m[2023-02-11T18:01:27.612] [INFO] info - [39mListening on 8080
[32m[2023-02-11T18:01:28.339] [INFO] info - [39mMongo connected
[32m[2023-02-11T18:01:28.340] [INFO] info - [39mMongo Connected
[32m[2023-02-11T18:01:29.640] [INFO] info - [39mWebSockets Connected
[32m[2023-02-11T18:01:30.316] [INFO] info - [39mRequest :,function getMethodToken (req) {
  return req.method
},Form URL :,function getUrlToken (req) {
  return req.originalUrl || req.url
},Status : ,function getStatusToken (req, res) {
  return headersSent(res)
    ? String(res.statusCode)
    : undefined
},Response Time :,4.450,ms
[32m[2023-02-11T18:02:08.948] [INFO] info - [39mFork Mode wroker PID:  6528
[32m[2023-02-11T18:02:13.316] [INFO] info - [39mListening on 8080
[32m[2023-02-11T18:02:13.831] [INFO] info - [39mMongo connected
[32m[2023-02-11T18:02:13.831] [INFO] info - [39mMongo Connected
[32m[2023-02-11T18:02:14.622] [INFO] info - [39mWebSockets Connected
[32m[2023-02-11T18:02:15.363] [INFO] info - [39mRequest : function getMethodToken (req) {
  return req.method
} Form URL : function getUrlToken (req) {
  return req.originalUrl || req.url
} Status :  function getStatusToken (req, res) {
  return headersSent(res)
    ? String(res.statusCode)
    : undefined
} Response Time : 4.919 ms
[32m[2023-02-11T18:02:26.129] [INFO] info - [39mFork Mode wroker PID:  6540
[32m[2023-02-11T18:02:30.143] [INFO] info - [39mListening on 8080
[32m[2023-02-11T18:02:30.732] [INFO] info - [39mMongo connected
[32m[2023-02-11T18:02:30.733] [INFO] info - [39mMongo Connected
[32m[2023-02-11T18:02:31.646] [INFO] info - [39mWebSockets Connected
[32m[2023-02-11T18:02:32.393] [INFO] info - [39mRequest : function getMethodToken (req) {
  return req.method
} Form URL : function getUrlToken (req) {
  return req.originalUrl || req.url
} Status :  function getStatusToken (req, res) {
  return headersSent(res)
    ? String(res.statusCode)
    : undefined
} Response Time : 10.430 ms
[32m[2023-02-11T18:04:07.436] [INFO] info - [39mFork Mode wroker PID:  5596
[32m[2023-02-11T18:04:13.469] [INFO] info - [39mListening on 8080
[32m[2023-02-11T18:04:14.064] [INFO] info - [39mWebSockets Connected
[32m[2023-02-11T18:04:14.294] [INFO] info - [39mMongo connected
[32m[2023-02-11T18:04:14.295] [INFO] info - [39mMongo Connected
[32m[2023-02-11T18:04:22.841] [INFO] info - [39mFork Mode wroker PID:  3684
[32m[2023-02-11T18:04:31.869] [INFO] info - [39mFork Mode wroker PID:  4080
[32m[2023-02-11T18:04:36.227] [INFO] info - [39mListening on 8080
[32m[2023-02-11T18:04:36.744] [INFO] info - [39mMongo connected
[32m[2023-02-11T18:04:36.744] [INFO] info - [39mMongo Connected
[32m[2023-02-11T18:04:36.815] [INFO] info - [39mWebSockets Connected
[32m[2023-02-11T18:04:37.625] [INFO] info - [39mGET /1 302 28 - 4.444 ms
[32m[2023-02-11T18:05:08.947] [INFO] info - [39mFork Mode wroker PID:  12064
[32m[2023-02-11T18:05:13.027] [INFO] info - [39mListening on 8080
[32m[2023-02-11T18:05:13.555] [INFO] info - [39mMongo connected
[32m[2023-02-11T18:05:13.555] [INFO] info - [39mMongo Connected
[32m[2023-02-11T18:05:14.644] [INFO] info - [39mWebSockets Connected
[32m[2023-02-11T18:05:16.116] [INFO] info - [39mGET /1 302 28 - 4.394 ms
[32m[2023-02-11T18:05:51.041] [INFO] info - [39mFork Mode wroker PID:  7112
[32m[2023-02-11T18:05:55.169] [INFO] info - [39mListening on 8080
[32m[2023-02-11T18:05:55.790] [INFO] info - [39mMongo connected
[32m[2023-02-11T18:05:55.790] [INFO] info - [39mMongo Connected
[32m[2023-02-11T18:05:56.638] [INFO] info - [39mWebSockets Connected
[32m[2023-02-11T18:05:57.505] [INFO] info - [39mGET /1 302 28 - 4.485 ms
[32m[2023-02-11T18:14:13.322] [INFO] info - [39mFork Mode wroker PID:  12272
[32m[2023-02-11T18:14:19.475] [INFO] info - [39mListening on 8080
[32m[2023-02-11T18:14:20.095] [INFO] info - [39mMongo connected
[32m[2023-02-11T18:14:20.096] [INFO] info - [39mMongo Connected
[32m[2023-02-11T18:14:20.242] [INFO] info - [39mGET /chatss 500 1368 - 6.890 ms
[32m[2023-02-11T18:14:49.109] [INFO] info - [39mFork Mode wroker PID:  11732
[32m[2023-02-11T18:14:55.258] [INFO] info - [39mListening on 8080
[32m[2023-02-11T18:14:55.419] [INFO] info - [39mGET /chatss 302 56 - 28.259 ms
[32m[2023-02-11T18:14:55.838] [INFO] info - [39mMongo connected
[32m[2023-02-11T18:14:55.838] [INFO] info - [39mMongo Connected
[32m[2023-02-11T18:14:56.226] [INFO] info - [39mGET /favicon.ico 302 28 - 2.738 ms
[32m[2023-02-11T18:18:41.668] [INFO] info - [39mFork Mode wroker PID:  11148
[32m[2023-02-11T18:18:47.334] [INFO] info - [39mListening on 8080
[32m[2023-02-11T18:18:47.926] [INFO] info - [39mMongo connected
[32m[2023-02-11T18:18:47.926] [INFO] info - [39mMongo Connected
[32m[2023-02-11T18:18:51.493] [INFO] info - [39mFork Mode wroker PID:  1844
[32m[2023-02-11T18:18:56.609] [INFO] info - [39mListening on 8080
[32m[2023-02-11T18:18:57.108] [INFO] info - [39mMongo connected
[32m[2023-02-11T18:18:57.108] [INFO] info - [39mMongo Connected
[32m[2023-02-11T18:19:19.273] [INFO] info - [39mFork Mode wroker PID:  9924
[32m[2023-02-11T18:19:23.765] [INFO] info - [39mListening on 8080
[32m[2023-02-11T18:19:24.265] [INFO] info - [39mMongo connected
[32m[2023-02-11T18:19:24.265] [INFO] info - [39mMongo Connected
[32m[2023-02-11T18:27:08.449] [INFO] info - [39mFork Mode wroker PID:  2916
[32m[2023-02-11T18:27:16.330] [INFO] info - [39mListening on 8080
[32m[2023-02-11T18:27:17.023] [INFO] info - [39mMongo connected
[32m[2023-02-11T18:27:17.023] [INFO] info - [39mMongo Connected
[32m[2023-02-11T18:30:52.729] [INFO] info - [39mFork Mode wroker PID:  5884
[32m[2023-02-11T18:30:59.962] [INFO] info - [39mListening on 8080
[32m[2023-02-11T18:31:00.584] [INFO] info - [39mMongo connected
[32m[2023-02-11T18:31:00.585] [INFO] info - [39mMongo Connected
[32m[2023-02-11T18:31:27.512] [INFO] info - [39mGET / 302 56 - 14.986 ms
[32m[2023-02-11T18:31:28.147] [INFO] info - [39mGET /favicon.ico 302 28 - 5.871 ms
[32m[2023-02-11T18:31:32.098] [INFO] info - [39mGET /favicon.ico 302 28 - 1.305 ms
[32m[2023-02-11T18:31:32.943] [INFO] info - [39mGET /favicon.ico 302 28 - 1.164 ms
[32m[2023-02-11T18:31:34.404] [INFO] info - [39mGET /favicon.ico 302 28 - 0.850 ms
[32m[2023-02-11T18:32:12.427] [INFO] info - [39mFork Mode wroker PID:  11612
[32m[2023-02-11T18:32:17.466] [INFO] info - [39mListening on 8080
[32m[2023-02-11T18:32:18.131] [INFO] info - [39mMongo connected
[32m[2023-02-11T18:32:18.132] [INFO] info - [39mMongo Connected
[32m[2023-02-11T18:32:18.259] [INFO] info - [39m{
  args: [],
  so: 'win32',
  node: 'v16.16.0',
  memory: 102637568,
  path: 'C:\\Users\\aabadin\\Desktop\\node-v16.16.0-win-x64\\node.exe',
  pid: 11612,
  cwd: 'C:\\Users\\aabadin\\Documents\\code\\loginFeat'
}
[32m[2023-02-11T18:32:18.755] [INFO] info - [39mGET /favicon.ico 302 28 - 5.575 ms
[32m[2023-02-11T18:52:48.220] [INFO] info - [39mFork Mode wroker PID:  12072
[32m[2023-02-11T18:52:52.637] [INFO] info - [39mFork Mode wroker PID:  3520
[32m[2023-02-11T18:52:58.332] [INFO] info - [39mListening on 8080
[32m[2023-02-11T18:52:58.947] [INFO] info - [39mMongo connected
[32m[2023-02-11T18:52:58.947] [INFO] info - [39mMongo Connected
[32m[2023-02-11T18:53:33.391] [INFO] info - [39m{
  args: [],
  so: 'win32',
  node: 'v16.16.0',
  memory: 72007680,
  path: 'C:\\Users\\aabadin\\Desktop\\node-v16.16.0-win-x64\\node.exe',
  pid: 3520,
  cwd: 'C:\\Users\\aabadin\\Documents\\code\\loginFeat'
}
[32m[2023-02-11T18:53:33.648] [INFO] info - [39mGET /favicon.ico 302 28 - 11.604 ms
[32m[2023-02-11T18:53:49.567] [INFO] info - [39m{
  args: [],
  so: 'win32',
  node: 'v16.16.0',
  memory: 76353536,
  path: 'C:\\Users\\aabadin\\Desktop\\node-v16.16.0-win-x64\\node.exe',
  pid: 3520,
  cwd: 'C:\\Users\\aabadin\\Documents\\code\\loginFeat'
}
[32m[2023-02-11T18:53:50.014] [INFO] info - [39mGET /favicon.ico 302 28 - 2.151 ms
[32m[2023-02-11T18:53:57.283] [INFO] info - [39m{
  args: [],
  so: 'win32',
  node: 'v16.16.0',
  memory: 73461760,
  path: 'C:\\Users\\aabadin\\Desktop\\node-v16.16.0-win-x64\\node.exe',
  pid: 3520,
  cwd: 'C:\\Users\\aabadin\\Documents\\code\\loginFeat'
}
[32m[2023-02-11T18:53:57.693] [INFO] info - [39mGET /favicon.ico 302 28 - 2.854 ms
[32m[2023-02-11T18:54:25.006] [INFO] info - [39mFork Mode wroker PID:  12264
[32m[2023-02-11T18:54:34.890] [INFO] info - [39mListening on 8080
[32m[2023-02-11T18:54:35.596] [INFO] info - [39mMongo connected
[32m[2023-02-11T18:54:35.597] [INFO] info - [39mMongo Connected
[32m[2023-02-11T18:54:35.745] [INFO] info - [39m{
  args: [],
  so: 'win32',
  node: 'v16.16.0',
  memory: 102604800,
  path: 'C:\\Users\\aabadin\\Desktop\\node-v16.16.0-win-x64\\node.exe',
  pid: 12264,
  cwd: 'C:\\Users\\aabadin\\Documents\\code\\loginFeat'
}
[32m[2023-02-11T18:54:36.478] [INFO] info - [39mGET /favicon.ico 302 28 - 7.824 ms
[32m[2023-02-11T18:54:52.316] [INFO] info - [39mFork Mode wroker PID:  11736
[32m[2023-02-11T18:54:58.160] [INFO] info - [39mListening on 8080
[32m[2023-02-11T18:54:58.670] [INFO] info - [39mMongo connected
[32m[2023-02-11T18:54:58.670] [INFO] info - [39mMongo Connected
[32m[2023-02-11T18:55:11.454] [INFO] info - [39m{
  args: [],
  so: 'win32',
  node: 'v16.16.0',
  memory: 101789696,
  path: 'C:\\Users\\aabadin\\Desktop\\node-v16.16.0-win-x64\\node.exe',
  pid: 11736,
  cwd: 'C:\\Users\\aabadin\\Documents\\code\\loginFeat'
}
[32m[2023-02-11T18:55:12.023] [INFO] info - [39mGET /favicon.ico 302 28 - 8.055 ms
[32m[2023-02-11T18:55:34.077] [INFO] info - [39mFork Mode wroker PID:  5100
[32m[2023-02-11T18:55:39.814] [INFO] info - [39mListening on 8080
[32m[2023-02-11T18:55:40.387] [INFO] info - [39mMongo connected
[32m[2023-02-11T18:55:40.387] [INFO] info - [39mMongo Connected
[32m[2023-02-11T18:55:45.970] [INFO] info - [39mGET /favicon.ico 302 28 - 3.433 ms
[32m[2023-02-11T18:56:19.968] [INFO] info - [39mFork Mode wroker PID:  5068
[32m[2023-02-11T18:56:27.427] [INFO] info - [39mListening on 8080
[32m[2023-02-11T18:56:27.941] [INFO] info - [39mMongo connected
[32m[2023-02-11T18:56:27.942] [INFO] info - [39mMongo Connected
[32m[2023-02-11T18:56:30.920] [INFO] info - [39m{
  args: [],
  so: 'win32',
  node: 'v16.16.0',
  memory: 102232064,
  path: 'C:\\Users\\aabadin\\Desktop\\node-v16.16.0-win-x64\\node.exe',
  pid: 5068,
  cwd: 'C:\\Users\\aabadin\\Documents\\code\\loginFeat'
}
[32m[2023-02-11T18:56:31.717] [INFO] info - [39mGET /favicon.ico 302 28 - 8.174 ms
[32m[2023-02-14T17:16:35.353] [INFO] info - [39mWorker Created PID: 52928
[32m[2023-02-14T17:16:35.368] [INFO] info - [39mWorker Created PID: 52929
[32m[2023-02-14T17:16:35.376] [INFO] info - [39mWorker Created PID: 52930
[32m[2023-02-14T17:16:35.388] [INFO] info - [39mWorker Created PID: 52931
[32m[2023-02-14T17:16:35.402] [INFO] info - [39mWorker Created PID: 52932
[32m[2023-02-14T17:16:35.422] [INFO] info - [39mWorker Created PID: 52933
[32m[2023-02-14T17:16:35.435] [INFO] info - [39mWorker Created PID: 52935
[32m[2023-02-14T17:16:35.468] [INFO] info - [39mWorker Created PID: 52946
[32m[2023-02-14T17:16:53.815] [INFO] info - [39mListening on 8080
[32m[2023-02-14T17:16:53.825] [INFO] info - [39mListening on 8080
[32m[2023-02-14T17:16:53.861] [INFO] info - [39mListening on 8080
[32m[2023-02-14T17:16:53.876] [INFO] info - [39mListening on 8080
[32m[2023-02-14T17:16:53.843] [INFO] info - [39mListening on 8080
[32m[2023-02-14T17:16:53.933] [INFO] info - [39mListening on 8080
[32m[2023-02-14T17:16:53.911] [INFO] info - [39mListening on 8080
[32m[2023-02-14T17:16:54.026] [INFO] info - [39mListening on 8080
[32m[2023-02-14T17:16:56.137] [INFO] info - [39mMongo connected
[32m[2023-02-14T17:16:56.137] [INFO] info - [39mMongo Connected
[32m[2023-02-14T17:16:56.150] [INFO] info - [39mMongo connected
[32m[2023-02-14T17:16:56.151] [INFO] info - [39mMongo Connected
[32m[2023-02-14T17:16:56.217] [INFO] info - [39mMongo connected
[32m[2023-02-14T17:16:56.217] [INFO] info - [39mMongo Connected
[32m[2023-02-14T17:16:56.227] [INFO] info - [39mMongo connected
[32m[2023-02-14T17:16:56.227] [INFO] info - [39mMongo connected
[32m[2023-02-14T17:16:56.229] [INFO] info - [39mMongo Connected
[32m[2023-02-14T17:16:56.228] [INFO] info - [39mMongo Connected
[32m[2023-02-14T17:16:56.258] [INFO] info - [39mMongo connected
[32m[2023-02-14T17:16:56.259] [INFO] info - [39mMongo Connected
[32m[2023-02-14T17:16:56.260] [INFO] info - [39mMongo connected
[32m[2023-02-14T17:16:56.260] [INFO] info - [39mMongo Connected
[32m[2023-02-14T17:16:56.261] [INFO] info - [39mMongo connected
[32m[2023-02-14T17:16:56.262] [INFO] info - [39mMongo Connected
[32m[2023-02-14T17:21:16.655] [INFO] info - [39mGET /favicon.ico 302 28 - 17.576 ms
[32m[2023-02-14T17:28:43.520] [INFO] info - [39mWorker Created PID: 56907
[32m[2023-02-14T17:28:43.554] [INFO] info - [39mWorker Created PID: 56908
[32m[2023-02-14T17:28:43.566] [INFO] info - [39mWorker Created PID: 56909
[32m[2023-02-14T17:28:43.586] [INFO] info - [39mWorker Created PID: 56915
[32m[2023-02-14T17:28:43.601] [INFO] info - [39mWorker Created PID: 56918
[32m[2023-02-14T17:28:43.624] [INFO] info - [39mWorker Created PID: 56919
[32m[2023-02-14T17:28:43.677] [INFO] info - [39mWorker Created PID: 56925
[32m[2023-02-14T17:28:43.697] [INFO] info - [39mWorker Created PID: 56945
[32m[2023-02-14T17:29:09.100] [INFO] info - [39mListening on 8080
[32m[2023-02-14T17:29:09.135] [INFO] info - [39mListening on 8080
[32m[2023-02-14T17:29:09.148] [INFO] info - [39mListening on 8080
[32m[2023-02-14T17:29:09.175] [INFO] info - [39mListening on 8080
[32m[2023-02-14T17:29:09.230] [INFO] info - [39mListening on 8080
[32m[2023-02-14T17:29:09.398] [INFO] info - [39mListening on 8080
[32m[2023-02-14T17:29:09.444] [INFO] info - [39mListening on 8080
[32m[2023-02-14T17:29:09.460] [INFO] info - [39mListening on 8080
[32m[2023-02-14T17:29:11.237] [INFO] info - [39mMongo connected
[32m[2023-02-14T17:29:11.238] [INFO] info - [39mMongo Connected
[32m[2023-02-14T17:29:11.398] [INFO] info - [39mMongo connected
[32m[2023-02-14T17:29:11.399] [INFO] info - [39mMongo Connected
[32m[2023-02-14T17:29:11.398] [INFO] info - [39mMongo connected
[32m[2023-02-14T17:29:11.399] [INFO] info - [39mMongo Connected
[32m[2023-02-14T17:29:11.469] [INFO] info - [39mMongo connected
[32m[2023-02-14T17:29:11.471] [INFO] info - [39mMongo Connected
[32m[2023-02-14T17:29:11.489] [INFO] info - [39mMongo connected
[32m[2023-02-14T17:29:11.490] [INFO] info - [39mMongo Connected
[32m[2023-02-14T17:29:11.533] [INFO] info - [39mMongo connected
[32m[2023-02-14T17:29:11.534] [INFO] info - [39mMongo Connected
[32m[2023-02-14T17:29:11.570] [INFO] info - [39mMongo connected
[32m[2023-02-14T17:29:11.571] [INFO] info - [39mMongo Connected
[32m[2023-02-14T17:29:11.598] [INFO] info - [39mMongo connected
[32m[2023-02-14T17:29:11.599] [INFO] info - [39mMongo Connected
[32m[2023-02-14T17:29:23.956] [INFO] info - [39mGET / 302 56 - 22.601 ms
[32m[2023-02-14T17:29:25.207] [INFO] info - [39mGET /favicon.ico 302 28 - 13.856 ms
[32m[2023-02-14T17:30:04.820] [INFO] info - [39mGET /favicon.ico 302 28 - 30.590 ms
[32m[2023-02-14T17:33:57.956] [INFO] info - [39mGET /favicon.ico 302 28 - 57.467 ms
[32m[2023-02-14T17:35:17.671] [INFO] info - [39mGET /favicon.ico 302 28 - 64.400 ms
[32m[2023-02-14T17:36:28.642] [INFO] info - [39mWorker Created PID: 58389
[32m[2023-02-14T17:36:28.657] [INFO] info - [39mWorker Created PID: 58390
[32m[2023-02-14T17:36:28.665] [INFO] info - [39mWorker Created PID: 58391
[32m[2023-02-14T17:36:28.674] [INFO] info - [39mWorker Created PID: 58392
[32m[2023-02-14T17:36:28.690] [INFO] info - [39mWorker Created PID: 58393
[32m[2023-02-14T17:36:28.707] [INFO] info - [39mWorker Created PID: 58399
[32m[2023-02-14T17:36:28.749] [INFO] info - [39mWorker Created PID: 58400
[32m[2023-02-14T17:36:28.764] [INFO] info - [39mWorker Created PID: 58411
[32m[2023-02-14T17:36:47.560] [INFO] info - [39mListening on 8080
[32m[2023-02-14T17:36:47.597] [INFO] info - [39mListening on 8080
[32m[2023-02-14T17:36:47.621] [INFO] info - [39mListening on 8080
[32m[2023-02-14T17:36:47.639] [INFO] info - [39mListening on 8080
[32m[2023-02-14T17:36:47.659] [INFO] info - [39mListening on 8080
[32m[2023-02-14T17:36:47.695] [INFO] info - [39mListening on 8080
[32m[2023-02-14T17:36:47.688] [INFO] info - [39mListening on 8080
[32m[2023-02-14T17:36:47.709] [INFO] info - [39mListening on 8080
[32m[2023-02-14T17:36:49.491] [INFO] info - [39mMongo connected
[32m[2023-02-14T17:36:49.492] [INFO] info - [39mMongo Connected
[32m[2023-02-14T17:36:49.557] [INFO] info - [39mMongo connected
[32m[2023-02-14T17:36:49.558] [INFO] info - [39mMongo Connected
[32m[2023-02-14T17:36:49.563] [INFO] info - [39mMongo connected
[32m[2023-02-14T17:36:49.564] [INFO] info - [39mMongo Connected
[32m[2023-02-14T17:36:49.642] [INFO] info - [39mMongo connected
[32m[2023-02-14T17:36:49.642] [INFO] info - [39mMongo Connected
[32m[2023-02-14T17:36:49.775] [INFO] info - [39mMongo connected
[32m[2023-02-14T17:36:49.776] [INFO] info - [39mMongo Connected
[32m[2023-02-14T17:36:49.777] [INFO] info - [39mMongo connected
[32m[2023-02-14T17:36:49.777] [INFO] info - [39mMongo Connected
[32m[2023-02-14T17:36:49.798] [INFO] info - [39mMongo connected
[32m[2023-02-14T17:36:49.799] [INFO] info - [39mMongo Connected
[32m[2023-02-14T17:36:49.851] [INFO] info - [39mMongo connected
[32m[2023-02-14T17:36:49.852] [INFO] info - [39mMongo Connected
[32m[2023-02-14T17:37:08.299] [INFO] info - [39mGET /favicon.ico 302 28 - 16.274 ms
[32m[2023-02-14T18:28:00.859] [INFO] info - [39mWorker Created PID: 63116
[32m[2023-02-14T18:28:00.878] [INFO] info - [39mWorker Created PID: 63117
[32m[2023-02-14T18:28:00.888] [INFO] info - [39mWorker Created PID: 63118
[32m[2023-02-14T18:28:00.904] [INFO] info - [39mWorker Created PID: 63119
[32m[2023-02-14T18:28:00.936] [INFO] info - [39mWorker Created PID: 63125
[32m[2023-02-14T18:28:00.951] [INFO] info - [39mWorker Created PID: 63131
[32m[2023-02-14T18:28:00.968] [INFO] info - [39mWorker Created PID: 63140
[32m[2023-02-14T18:28:00.987] [INFO] info - [39mWorker Created PID: 63146
[32m[2023-02-14T18:28:11.449] [INFO] info - [39mListening on 8080
[32m[2023-02-14T18:28:11.601] [INFO] info - [39mListening on 8080
[32m[2023-02-14T18:28:11.766] [INFO] info - [39mListening on 8080
[32m[2023-02-14T18:28:12.141] [INFO] info - [39mListening on 8080
[32m[2023-02-14T18:28:12.227] [INFO] info - [39mListening on 8080
[32m[2023-02-14T18:28:12.304] [INFO] info - [39mListening on 8080
[32m[2023-02-14T18:28:12.521] [INFO] info - [39mListening on 8080
[32m[2023-02-14T18:28:12.645] [INFO] info - [39mListening on 8080
[32m[2023-02-14T18:28:18.784] [INFO] info - [39mMongo connected
[32m[2023-02-14T18:28:18.784] [INFO] info - [39mMongo Connected
[32m[2023-02-14T18:28:18.786] [INFO] info - [39mMongo connected
[32m[2023-02-14T18:28:18.787] [INFO] info - [39mMongo Connected
[32m[2023-02-14T18:28:18.787] [INFO] info - [39mMongo connected
[32m[2023-02-14T18:28:18.788] [INFO] info - [39mMongo Connected
[32m[2023-02-14T18:28:18.793] [INFO] info - [39mMongo connected
[32m[2023-02-14T18:28:18.794] [INFO] info - [39mMongo Connected
[32m[2023-02-14T18:28:18.812] [INFO] info - [39mMongo connected
[32m[2023-02-14T18:28:18.813] [INFO] info - [39mMongo Connected
[32m[2023-02-14T18:28:18.902] [INFO] info - [39mMongo connected
[32m[2023-02-14T18:28:18.902] [INFO] info - [39mMongo Connected
[32m[2023-02-14T18:28:18.912] [INFO] info - [39mMongo connected
[32m[2023-02-14T18:28:18.913] [INFO] info - [39mMongo Connected
[32m[2023-02-14T18:28:18.934] [INFO] info - [39mMongo connected
[32m[2023-02-14T18:28:18.935] [INFO] info - [39mMongo Connected
[32m[2023-02-14T18:28:42.159] [INFO] info - [39mGET /favicon.ico 302 28 - 24.323 ms
[32m[2023-02-14T18:41:40.591] [INFO] info - [39mWorker Created PID: 68551
[32m[2023-02-14T18:41:40.613] [INFO] info - [39mWorker Created PID: 68552
[32m[2023-02-14T18:41:40.622] [INFO] info - [39mWorker Created PID: 68553
[32m[2023-02-14T18:41:40.635] [INFO] info - [39mWorker Created PID: 68554
[32m[2023-02-14T18:41:40.654] [INFO] info - [39mWorker Created PID: 68555
[32m[2023-02-14T18:41:40.672] [INFO] info - [39mWorker Created PID: 68556
[32m[2023-02-14T18:41:40.724] [INFO] info - [39mWorker Created PID: 68558
[32m[2023-02-14T18:41:40.763] [INFO] info - [39mWorker Created PID: 68583
[32m[2023-02-14T18:42:01.392] [INFO] info - [39mListening on 8080
[32m[2023-02-14T18:42:01.395] [INFO] info - [39mListening on 8080
[32m[2023-02-14T18:42:01.442] [INFO] info - [39mListening on 8080
[32m[2023-02-14T18:42:01.443] [INFO] info - [39mListening on 8080
[32m[2023-02-14T18:42:01.479] [INFO] info - [39mListening on 8080
[32m[2023-02-14T18:42:01.489] [INFO] info - [39mListening on 8080
[32m[2023-02-14T18:42:01.581] [INFO] info - [39mListening on 8080
[32m[2023-02-14T18:42:01.629] [INFO] info - [39mListening on 8080
[32m[2023-02-14T18:42:05.075] [INFO] info - [39mMongo connected
[32m[2023-02-14T18:42:05.075] [INFO] info - [39mMongo Connected
[32m[2023-02-14T18:42:05.076] [INFO] info - [39mMongo connected
[32m[2023-02-14T18:42:05.076] [INFO] info - [39mMongo Connected
[32m[2023-02-14T18:42:05.175] [INFO] info - [39mMongo connected
[32m[2023-02-14T18:42:05.176] [INFO] info - [39mMongo Connected
[32m[2023-02-14T18:42:05.192] [INFO] info - [39mMongo connected
[32m[2023-02-14T18:42:05.193] [INFO] info - [39mMongo Connected
[32m[2023-02-14T18:42:05.249] [INFO] info - [39mMongo connected
[32m[2023-02-14T18:42:05.251] [INFO] info - [39mMongo Connected
[32m[2023-02-14T18:42:05.269] [INFO] info - [39mMongo connected
[32m[2023-02-14T18:42:05.270] [INFO] info - [39mMongo Connected
[32m[2023-02-14T18:42:05.314] [INFO] info - [39mMongo connected
[32m[2023-02-14T18:42:05.318] [INFO] info - [39mMongo Connected
[32m[2023-02-14T18:42:05.689] [INFO] info - [39mMongo connected
[32m[2023-02-14T18:42:05.690] [INFO] info - [39mMongo Connected
[32m[2023-02-14T18:46:50.540] [INFO] info - [39m{
  args: [ 'start', '--port=8080', '--mode=CLUSTER' ],
  so: 'linux',
  node: 'v18.12.1',
  memory: 68513792,
  path: '/usr/bin/node',
  pid: 68551,
  cwd: '/run/media/adrianabadin/code/loginFeat'
}
[32m[2023-02-14T18:46:50.555] [INFO] info - [39m{
  args: [ 'start', '--port=8080', '--mode=CLUSTER' ],
  so: 'linux',
  node: 'v18.12.1',
  memory: 80191488,
  path: '/usr/bin/node',
  pid: 68554,
  cwd: '/run/media/adrianabadin/code/loginFeat'
}
[32m[2023-02-14T18:46:50.542] [INFO] info - [39m{
  args: [ 'start', '--port=8080', '--mode=CLUSTER' ],
  so: 'linux',
  node: 'v18.12.1',
  memory: 84447232,
  path: '/usr/bin/node',
  pid: 68556,
  cwd: '/run/media/adrianabadin/code/loginFeat'
}
[32m[2023-02-14T18:46:50.602] [INFO] info - [39m{
  args: [ 'start', '--port=8080', '--mode=CLUSTER' ],
  so: 'linux',
  node: 'v18.12.1',
  memory: 91189248,
  path: '/usr/bin/node',
  pid: 68552,
  cwd: '/run/media/adrianabadin/code/loginFeat'
}
[32m[2023-02-14T18:46:50.604] [INFO] info - [39m{
  args: [ 'start', '--port=8080', '--mode=CLUSTER' ],
  so: 'linux',
  node: 'v18.12.1',
  memory: 93474816,
  path: '/usr/bin/node',
  pid: 68558,
  cwd: '/run/media/adrianabadin/code/loginFeat'
}
[32m[2023-02-14T18:46:50.608] [INFO] info - [39m{
  args: [ 'start', '--port=8080', '--mode=CLUSTER' ],
  so: 'linux',
  node: 'v18.12.1',
  memory: 68775936,
  path: '/usr/bin/node',
  pid: 68553,
  cwd: '/run/media/adrianabadin/code/loginFeat'
}
[32m[2023-02-14T18:46:50.644] [INFO] info - [39m{
  args: [ 'start', '--port=8080', '--mode=CLUSTER' ],
  so: 'linux',
  node: 'v18.12.1',
  memory: 75476992,
  path: '/usr/bin/node',
  pid: 68583,
  cwd: '/run/media/adrianabadin/code/loginFeat'
}
[32m[2023-02-14T18:46:50.652] [INFO] info - [39m{
  args: [ 'start', '--port=8080', '--mode=CLUSTER' ],
  so: 'linux',
  node: 'v18.12.1',
  memory: 88354816,
  path: '/usr/bin/node',
  pid: 68555,
  cwd: '/run/media/adrianabadin/code/loginFeat'
}
[32m[2023-02-14T18:46:50.653] [INFO] info - [39m{
  args: [ 'start', '--port=8080', '--mode=CLUSTER' ],
  so: 'linux',
  node: 'v18.12.1',
  memory: 70197248,
  path: '/usr/bin/node',
  pid: 68551,
  cwd: '/run/media/adrianabadin/code/loginFeat'
}
[32m[2023-02-14T18:46:50.668] [INFO] info - [39m{
  args: [ 'start', '--port=8080', '--mode=CLUSTER' ],
  so: 'linux',
  node: 'v18.12.1',
  memory: 85815296,
  path: '/usr/bin/node',
  pid: 68556,
  cwd: '/run/media/adrianabadin/code/loginFeat'
}
[32m[2023-02-14T18:46:50.681] [INFO] info - [39m{
  args: [ 'start', '--port=8080', '--mode=CLUSTER' ],
  so: 'linux',
  node: 'v18.12.1',
  memory: 81383424,
  path: '/usr/bin/node',
  pid: 68554,
  cwd: '/run/media/adrianabadin/code/loginFeat'
}
[32m[2023-02-14T18:46:50.697] [INFO] info - [39m{
  args: [ 'start', '--port=8080', '--mode=CLUSTER' ],
  so: 'linux',
  node: 'v18.12.1',
  memory: 95830016,
  path: '/usr/bin/node',
  pid: 68558,
  cwd: '/run/media/adrianabadin/code/loginFeat'
}
[32m[2023-02-14T18:46:50.715] [INFO] info - [39m{
  args: [ 'start', '--port=8080', '--mode=CLUSTER' ],
  so: 'linux',
  node: 'v18.12.1',
  memory: 93532160,
  path: '/usr/bin/node',
  pid: 68552,
  cwd: '/run/media/adrianabadin/code/loginFeat'
}
[32m[2023-02-14T18:46:50.745] [INFO] info - [39m{
  args: [ 'start', '--port=8080', '--mode=CLUSTER' ],
  so: 'linux',
  node: 'v18.12.1',
  memory: 70148096,
  path: '/usr/bin/node',
  pid: 68553,
  cwd: '/run/media/adrianabadin/code/loginFeat'
}
[32m[2023-02-14T18:46:50.760] [INFO] info - [39m{
  args: [ 'start', '--port=8080', '--mode=CLUSTER' ],
  so: 'linux',
  node: 'v18.12.1',
  memory: 77484032,
  path: '/usr/bin/node',
  pid: 68583,
  cwd: '/run/media/adrianabadin/code/loginFeat'
}
[32m[2023-02-14T18:46:50.781] [INFO] info - [39m{
  args: [ 'start', '--port=8080', '--mode=CLUSTER' ],
  so: 'linux',
  node: 'v18.12.1',
  memory: 89382912,
  path: '/usr/bin/node',
  pid: 68555,
  cwd: '/run/media/adrianabadin/code/loginFeat'
}
[32m[2023-02-14T18:46:50.797] [INFO] info - [39m{
  args: [ 'start', '--port=8080', '--mode=CLUSTER' ],
  so: 'linux',
  node: 'v18.12.1',
  memory: 70197248,
  path: '/usr/bin/node',
  pid: 68551,
  cwd: '/run/media/adrianabadin/code/loginFeat'
}
[32m[2023-02-14T18:46:50.815] [INFO] info - [39m{
  args: [ 'start', '--port=8080', '--mode=CLUSTER' ],
  so: 'linux',
  node: 'v18.12.1',
  memory: 86044672,
  path: '/usr/bin/node',
  pid: 68556,
  cwd: '/run/media/adrianabadin/code/loginFeat'
}
[32m[2023-02-14T18:46:50.845] [INFO] info - [39m{
  args: [ 'start', '--port=8080', '--mode=CLUSTER' ],
  so: 'linux',
  node: 'v18.12.1',
  memory: 76587008,
  path: '/usr/bin/node',
  pid: 68554,
  cwd: '/run/media/adrianabadin/code/loginFeat'
}
[32m[2023-02-14T18:46:50.926] [INFO] info - [39m{
  args: [ 'start', '--port=8080', '--mode=CLUSTER' ],
  so: 'linux',
  node: 'v18.12.1',
  memory: 95035392,
  path: '/usr/bin/node',
  pid: 68558,
  cwd: '/run/media/adrianabadin/code/loginFeat'
}
[32m[2023-02-14T18:46:50.934] [INFO] info - [39m{
  args: [ 'start', '--port=8080', '--mode=CLUSTER' ],
  so: 'linux',
  node: 'v18.12.1',
  memory: 71483392,
  path: '/usr/bin/node',
  pid: 68553,
  cwd: '/run/media/adrianabadin/code/loginFeat'
}
[32m[2023-02-14T18:46:51.029] [INFO] info - [39m{
  args: [ 'start', '--port=8080', '--mode=CLUSTER' ],
  so: 'linux',
  node: 'v18.12.1',
  memory: 73355264,
  path: '/usr/bin/node',
  pid: 68552,
  cwd: '/run/media/adrianabadin/code/loginFeat'
}
[32m[2023-02-14T18:46:51.074] [INFO] info - [39m{
  args: [ 'start', '--port=8080', '--mode=CLUSTER' ],
  so: 'linux',
  node: 'v18.12.1',
  memory: 91734016,
  path: '/usr/bin/node',
  pid: 68555,
  cwd: '/run/media/adrianabadin/code/loginFeat'
}
[32m[2023-02-14T18:46:51.128] [INFO] info - [39m{
  args: [ 'start', '--port=8080', '--mode=CLUSTER' ],
  so: 'linux',
  node: 'v18.12.1',
  memory: 85549056,
  path: '/usr/bin/node',
  pid: 68556,
  cwd: '/run/media/adrianabadin/code/loginFeat'
}
[32m[2023-02-14T18:46:51.136] [INFO] info - [39m{
  args: [ 'start', '--port=8080', '--mode=CLUSTER' ],
  so: 'linux',
  node: 'v18.12.1',
  memory: 77205504,
  path: '/usr/bin/node',
  pid: 68583,
  cwd: '/run/media/adrianabadin/code/loginFeat'
}
[32m[2023-02-14T18:46:51.170] [INFO] info - [39m{
  args: [ 'start', '--port=8080', '--mode=CLUSTER' ],
  so: 'linux',
  node: 'v18.12.1',
  memory: 69812224,
  path: '/usr/bin/node',
  pid: 68551,
  cwd: '/run/media/adrianabadin/code/loginFeat'
}
[32m[2023-02-14T18:46:51.181] [INFO] info - [39m{
  args: [ 'start', '--port=8080', '--mode=CLUSTER' ],
  so: 'linux',
  node: 'v18.12.1',
  memory: 77434880,
  path: '/usr/bin/node',
  pid: 68554,
  cwd: '/run/media/adrianabadin/code/loginFeat'
}
[32m[2023-02-14T18:46:51.214] [INFO] info - [39m{
  args: [ 'start', '--port=8080', '--mode=CLUSTER' ],
  so: 'linux',
  node: 'v18.12.1',
  memory: 96067584,
  path: '/usr/bin/node',
  pid: 68558,
  cwd: '/run/media/adrianabadin/code/loginFeat'
}
[32m[2023-02-14T18:46:51.218] [INFO] info - [39m{
  args: [ 'start', '--port=8080', '--mode=CLUSTER' ],
  so: 'linux',
  node: 'v18.12.1',
  memory: 71659520,
  path: '/usr/bin/node',
  pid: 68553,
  cwd: '/run/media/adrianabadin/code/loginFeat'
}
[32m[2023-02-14T18:46:51.255] [INFO] info - [39m{
  args: [ 'start', '--port=8080', '--mode=CLUSTER' ],
  so: 'linux',
  node: 'v18.12.1',
  memory: 86216704,
  path: '/usr/bin/node',
  pid: 68555,
  cwd: '/run/media/adrianabadin/code/loginFeat'
}
[32m[2023-02-14T18:46:51.282] [INFO] info - [39m{
  args: [ 'start', '--port=8080', '--mode=CLUSTER' ],
  so: 'linux',
  node: 'v18.12.1',
  memory: 73740288,
  path: '/usr/bin/node',
  pid: 68552,
  cwd: '/run/media/adrianabadin/code/loginFeat'
}
[32m[2023-02-14T18:46:51.293] [INFO] info - [39m{
  args: [ 'start', '--port=8080', '--mode=CLUSTER' ],
  so: 'linux',
  node: 'v18.12.1',
  memory: 77938688,
  path: '/usr/bin/node',
  pid: 68583,
  cwd: '/run/media/adrianabadin/code/loginFeat'
}
[32m[2023-02-14T18:46:51.305] [INFO] info - [39m{
  args: [ 'start', '--port=8080', '--mode=CLUSTER' ],
  so: 'linux',
  node: 'v18.12.1',
  memory: 86282240,
  path: '/usr/bin/node',
  pid: 68556,
  cwd: '/run/media/adrianabadin/code/loginFeat'
}
[32m[2023-02-14T18:46:51.317] [INFO] info - [39m{
  args: [ 'start', '--port=8080', '--mode=CLUSTER' ],
  so: 'linux',
  node: 'v18.12.1',
  memory: 96153600,
  path: '/usr/bin/node',
  pid: 68558,
  cwd: '/run/media/adrianabadin/code/loginFeat'
}
[32m[2023-02-14T18:46:51.329] [INFO] info - [39m{
  args: [ 'start', '--port=8080', '--mode=CLUSTER' ],
  so: 'linux',
  node: 'v18.12.1',
  memory: 72101888,
  path: '/usr/bin/node',
  pid: 68553,
  cwd: '/run/media/adrianabadin/code/loginFeat'
}
[32m[2023-02-14T18:46:51.336] [INFO] info - [39m{
  args: [ 'start', '--port=8080', '--mode=CLUSTER' ],
  so: 'linux',
  node: 'v18.12.1',
  memory: 77197312,
  path: '/usr/bin/node',
  pid: 68554,
  cwd: '/run/media/adrianabadin/code/loginFeat'
}
[32m[2023-02-14T18:46:51.349] [INFO] info - [39m{
  args: [ 'start', '--port=8080', '--mode=CLUSTER' ],
  so: 'linux',
  node: 'v18.12.1',
  memory: 70733824,
  path: '/usr/bin/node',
  pid: 68551,
  cwd: '/run/media/adrianabadin/code/loginFeat'
}
[32m[2023-02-14T18:46:51.361] [INFO] info - [39m{
  args: [ 'start', '--port=8080', '--mode=CLUSTER' ],
  so: 'linux',
  node: 'v18.12.1',
  memory: 85364736,
  path: '/usr/bin/node',
  pid: 68555,
  cwd: '/run/media/adrianabadin/code/loginFeat'
}
[32m[2023-02-14T18:46:51.368] [INFO] info - [39m{
  args: [ 'start', '--port=8080', '--mode=CLUSTER' ],
  so: 'linux',
  node: 'v18.12.1',
  memory: 74440704,
  path: '/usr/bin/node',
  pid: 68552,
  cwd: '/run/media/adrianabadin/code/loginFeat'
}
[32m[2023-02-14T18:46:51.378] [INFO] info - [39m{
  args: [ 'start', '--port=8080', '--mode=CLUSTER' ],
  so: 'linux',
  node: 'v18.12.1',
  memory: 80625664,
  path: '/usr/bin/node',
  pid: 68583,
  cwd: '/run/media/adrianabadin/code/loginFeat'
}
[32m[2023-02-14T18:46:51.390] [INFO] info - [39m{
  args: [ 'start', '--port=8080', '--mode=CLUSTER' ],
  so: 'linux',
  node: 'v18.12.1',
  memory: 86265856,
  path: '/usr/bin/node',
  pid: 68556,
  cwd: '/run/media/adrianabadin/code/loginFeat'
}
[32m[2023-02-14T18:46:51.402] [INFO] info - [39m{
  args: [ 'start', '--port=8080', '--mode=CLUSTER' ],
  so: 'linux',
  node: 'v18.12.1',
  memory: 96288768,
  path: '/usr/bin/node',
  pid: 68558,
  cwd: '/run/media/adrianabadin/code/loginFeat'
}
[32m[2023-02-14T18:46:51.415] [INFO] info - [39m{
  args: [ 'start', '--port=8080', '--mode=CLUSTER' ],
  so: 'linux',
  node: 'v18.12.1',
  memory: 72232960,
  path: '/usr/bin/node',
  pid: 68553,
  cwd: '/run/media/adrianabadin/code/loginFeat'
}
[32m[2023-02-14T18:46:51.428] [INFO] info - [39m{
  args: [ 'start', '--port=8080', '--mode=CLUSTER' ],
  so: 'linux',
  node: 'v18.12.1',
  memory: 76935168,
  path: '/usr/bin/node',
  pid: 68554,
  cwd: '/run/media/adrianabadin/code/loginFeat'
}
[32m[2023-02-14T18:46:51.439] [INFO] info - [39m{
  args: [ 'start', '--port=8080', '--mode=CLUSTER' ],
  so: 'linux',
  node: 'v18.12.1',
  memory: 70574080,
  path: '/usr/bin/node',
  pid: 68551,
  cwd: '/run/media/adrianabadin/code/loginFeat'
}
[32m[2023-02-14T18:46:51.446] [INFO] info - [39m{
  args: [ 'start', '--port=8080', '--mode=CLUSTER' ],
  so: 'linux',
  node: 'v18.12.1',
  memory: 86114304,
  path: '/usr/bin/node',
  pid: 68555,
  cwd: '/run/media/adrianabadin/code/loginFeat'
}
[32m[2023-02-14T18:46:51.454] [INFO] info - [39m{
  args: [ 'start', '--port=8080', '--mode=CLUSTER' ],
  so: 'linux',
  node: 'v18.12.1',
  memory: 74227712,
  path: '/usr/bin/node',
  pid: 68552,
  cwd: '/run/media/adrianabadin/code/loginFeat'
}
[32m[2023-02-14T18:46:51.464] [INFO] info - [39m{
  args: [ 'start', '--port=8080', '--mode=CLUSTER' ],
  so: 'linux',
  node: 'v18.12.1',
  memory: 81833984,
  path: '/usr/bin/node',
  pid: 68583,
  cwd: '/run/media/adrianabadin/code/loginFeat'
}
[32m[2023-02-14T18:46:51.476] [INFO] info - [39m{
  args: [ 'start', '--port=8080', '--mode=CLUSTER' ],
  so: 'linux',
  node: 'v18.12.1',
  memory: 86790144,
  path: '/usr/bin/node',
  pid: 68556,
  cwd: '/run/media/adrianabadin/code/loginFeat'
}
[32m[2023-02-14T18:46:51.484] [INFO] info - [39m{
  args: [ 'start', '--port=8080', '--mode=CLUSTER' ],
  so: 'linux',
  node: 'v18.12.1',
  memory: 96329728,
  path: '/usr/bin/node',
  pid: 68558,
  cwd: '/run/media/adrianabadin/code/loginFeat'
}
[32m[2023-02-14T18:47:01.421] [INFO] info - [39m{
  args: [ 'start', '--port=8080', '--mode=CLUSTER' ],
  so: 'linux',
  node: 'v18.12.1',
  memory: 72912896,
  path: '/usr/bin/node',
  pid: 68553,
  cwd: '/run/media/adrianabadin/code/loginFeat'
}
[32m[2023-02-14T18:53:41.130] [INFO] info - [39mWorker Created PID: 106492
[32m[2023-02-14T18:53:41.163] [INFO] info - [39mWorker Created PID: 106494
[32m[2023-02-14T18:53:41.177] [INFO] info - [39mWorker Created PID: 106495
[32m[2023-02-14T18:53:41.190] [INFO] info - [39mWorker Created PID: 106501
[32m[2023-02-14T18:53:41.201] [INFO] info - [39mWorker Created PID: 106502
[32m[2023-02-14T18:53:41.217] [INFO] info - [39mWorker Created PID: 106503
[32m[2023-02-14T18:53:41.247] [INFO] info - [39mWorker Created PID: 106504
[32m[2023-02-14T18:53:41.263] [INFO] info - [39mWorker Created PID: 106512
[32m[2023-02-14T18:54:00.475] [INFO] info - [39mListening on 8080
[32m[2023-02-14T18:54:00.487] [INFO] info - [39mListening on 8080
[32m[2023-02-14T18:54:00.479] [INFO] info - [39mListening on 8080
[32m[2023-02-14T18:54:00.581] [INFO] info - [39mListening on 8080
[32m[2023-02-14T18:54:00.602] [INFO] info - [39mListening on 8080
[32m[2023-02-14T18:54:00.613] [INFO] info - [39mListening on 8080
[32m[2023-02-14T18:54:00.643] [INFO] info - [39mListening on 8080
[32m[2023-02-14T18:54:00.720] [INFO] info - [39mListening on 8080
[32m[2023-02-14T18:54:03.097] [INFO] info - [39mMongo connected
[32m[2023-02-14T18:54:03.097] [INFO] info - [39mMongo Connected
[32m[2023-02-14T18:54:03.125] [INFO] info - [39mMongo connected
[32m[2023-02-14T18:54:03.126] [INFO] info - [39mMongo Connected
[32m[2023-02-14T18:54:03.163] [INFO] info - [39mMongo connected
[32m[2023-02-14T18:54:03.163] [INFO] info - [39mMongo Connected
[32m[2023-02-14T18:54:03.294] [INFO] info - [39mMongo connected
[32m[2023-02-14T18:54:03.294] [INFO] info - [39mMongo Connected
[32m[2023-02-14T18:54:03.455] [INFO] info - [39mMongo connected
[32m[2023-02-14T18:54:03.455] [INFO] info - [39mMongo Connected
[32m[2023-02-14T18:54:03.526] [INFO] info - [39mMongo connected
[32m[2023-02-14T18:54:03.526] [INFO] info - [39mMongo Connected
[32m[2023-02-14T18:54:03.549] [INFO] info - [39mMongo connected
[32m[2023-02-14T18:54:03.549] [INFO] info - [39mMongo Connected
[32m[2023-02-14T18:54:04.008] [INFO] info - [39mMongo connected
[32m[2023-02-14T18:54:04.008] [INFO] info - [39mMongo Connected
[32m[2023-02-15T14:22:28.741] [INFO] info - [39mFork Mode wroker PID:  4252
[32m[2023-02-15T14:22:45.900] [INFO] info - [39mListening on 8080
[32m[2023-02-15T14:22:49.564] [INFO] info - [39mMongo connected
[32m[2023-02-15T14:22:49.564] [INFO] info - [39mMongo Connected
[32m[2023-02-15T14:36:01.091] [INFO] info - [39mFork Mode wroker PID:  6642
[32m[2023-02-15T14:36:11.918] [INFO] info - [39mListening on 8080
[32m[2023-02-15T14:36:11.923] [INFO] info - [39mMongo Connected
[32m[2023-02-15T14:36:14.769] [INFO] info - [39mListening on 8080
[32m[2023-02-15T14:36:16.896] [INFO] info - [39mMongo connected
[32m[2023-02-15T14:36:16.897] [INFO] info - [39mMongo Connected
[32m[2023-02-15T14:42:42.505] [INFO] info - [39mFork Mode wroker PID:  8815
[32m[2023-02-15T14:42:55.159] [INFO] info - [39mListening on 8080
[32m[2023-02-15T14:42:56.877] [INFO] info - [39mMongo connected
[32m[2023-02-15T14:42:56.878] [INFO] info - [39mMongo Connected
[32m[2023-02-15T14:49:44.935] [INFO] info - [39mFork Mode wroker PID:  11348
[32m[2023-02-15T14:49:47.546] [INFO] info - [39mListening on 8080
[32m[2023-02-15T14:49:50.741] [INFO] info - [39mMongo connected
[32m[2023-02-15T14:49:50.742] [INFO] info - [39mMongo Connected
[32m[2023-02-15T17:16:36.406] [INFO] info - [39mFork Mode wroker PID:  4186
[32m[2023-02-15T17:16:52.768] [INFO] info - [39mListening on 8080
[32m[2023-02-15T17:16:54.219] [INFO] info - [39mMongo connected
[32m[2023-02-15T17:16:54.220] [INFO] info - [39mMongo Connected
[32m[2023-02-16T15:53:51.147] [INFO] info - [39mFork Mode wroker PID:  49254
[32m[2023-02-16T17:51:41.306] [INFO] info - [39mFork Mode wroker PID:  52598
[32m[2023-02-16T17:53:22.273] [INFO] info - [39mFork Mode wroker PID:  52799
[32m[2023-02-16T17:54:01.097] [INFO] info - [39mFork Mode wroker PID:  52959
[32m[2023-02-16T17:54:52.979] [INFO] info - [39mFork Mode wroker PID:  53072
[32m[2023-02-16T17:54:55.379] [INFO] info - [39mListening on 8080
[32m[2023-02-16T17:55:04.613] [INFO] info - [39mMongo connected
[32m[2023-02-16T17:55:04.614] [INFO] info - [39mMongo Connected
[32m[2023-02-16T17:55:43.074] [INFO] info - [39mGET / 302 56 - 14.192 ms
[32m[2023-02-16T17:55:44.221] [INFO] info - [39mGET /favicon.ico 302 28 - 4.952 ms
[32m[2023-02-16T17:55:51.949] [INFO] info - [39mGET /favicon.ico 302 28 - 1.402 ms
[32m[2023-02-16T17:55:59.013] [INFO] info - [39mGET /favicon.ico 302 28 - 1.571 ms
[32m[2023-02-16T17:56:13.514] [INFO] info - [39mGET /favicon.ico 302 28 - 1.271 ms
[32m[2023-02-16T17:56:14.962] [INFO] info - [39mGET /favicon.ico 302 28 - 1.562 ms
[32m[2023-02-16T17:56:20.161] [INFO] info - [39mGET /favicon.ico 302 28 - 2.249 ms
[32m[2023-02-16T18:01:07.916] [INFO] info - [39mFork Mode wroker PID:  53864
[32m[2023-02-16T18:01:10.460] [INFO] info - [39mListening on 8080
[32m[2023-02-16T18:01:12.411] [INFO] info - [39mMongo connected
[32m[2023-02-16T18:01:12.412] [INFO] info - [39mMongo Connected
[32m[2023-02-16T18:01:52.266] [INFO] info - [39mFork Mode wroker PID:  53966
[32m[2023-02-16T18:01:54.754] [INFO] info - [39mListening on 8080
[32m[2023-02-16T18:01:57.039] [INFO] info - [39mMongo connected
[32m[2023-02-16T18:01:57.040] [INFO] info - [39mMongo Connected
[32m[2023-02-16T18:02:35.659] [INFO] info - [39mFork Mode wroker PID:  54112
[32m[2023-02-16T18:03:20.956] [INFO] info - [39mFork Mode wroker PID:  54270
[32m[2023-02-16T18:04:01.618] [INFO] info - [39mFork Mode wroker PID:  54413
[32m[2023-02-16T18:04:04.161] [INFO] info - [39mListening on 8080
[32m[2023-02-16T18:04:07.164] [INFO] info - [39mMongo connected
[32m[2023-02-16T18:04:07.164] [INFO] info - [39mMongo Connected
[32m[2023-02-16T18:39:28.895] [INFO] info - [39mFork Mode wroker PID:  55030
[32m[2023-02-16T18:39:31.236] [INFO] info - [39mListening on 8080
[32m[2023-02-16T18:39:33.355] [INFO] info - [39mMongo connected
[32m[2023-02-16T18:39:33.355] [INFO] info - [39mMongo Connected
[32m[2023-02-16T18:40:21.746] [INFO] info - [39mFork Mode wroker PID:  55173
[32m[2023-02-16T18:40:24.212] [INFO] info - [39mListening on 8080
[32m[2023-02-16T18:40:27.111] [INFO] info - [39mMongo connected
[32m[2023-02-16T18:40:27.112] [INFO] info - [39mMongo Connected
[32m[2023-02-16T18:40:37.672] [INFO] info - [39mGET /favicon.ico 302 28 - 11.505 ms
[32m[2023-02-16T18:40:50.988] [INFO] info - [39mGET /favicon.ico 302 28 - 2.555 ms
[32m[2023-02-16T18:40:57.068] [INFO] info - [39mWebSockets Connected
[32m[2023-02-16T18:40:57.221] [INFO] info - [39mGET /favicon.ico 302 28 - 1.126 ms
[32m[2023-02-16T18:40:58.385] [INFO] info - [39mGET /1 302 28 - 1.912 ms
[32m[2023-02-16T18:54:44.904] [INFO] info - [39mFork Mode wroker PID:  56552
[32m[2023-02-16T18:54:55.946] [INFO] info - [39mListening on 8080
[32m[2023-02-16T18:54:58.292] [INFO] info - [39mWebSockets Connected
[32m[2023-02-16T18:55:03.031] [INFO] info - [39mMongo connected
[32m[2023-02-16T18:55:03.032] [INFO] info - [39mMongo Connected
[32m[2023-02-16T18:55:03.731] [INFO] info - [39mGET /1 302 28 - 11.492 ms
[32m[2023-02-16T18:55:05.156] [INFO] info - [39mGET /favicon.ico 302 28 - 2.850 ms
[32m[2023-02-16T18:55:07.676] [INFO] info - [39mGET /favicon.ico 302 28 - 2.384 ms
[32m[2023-02-16T18:56:27.317] [INFO] info - [39mFork Mode wroker PID:  56816
[32m[2023-02-16T18:56:29.722] [INFO] info - [39mListening on 8080
[32m[2023-02-16T18:56:31.814] [INFO] info - [39mMongo connected
[32m[2023-02-16T18:56:31.815] [INFO] info - [39mMongo Connected
[32m[2023-02-16T18:56:40.520] [INFO] info - [39mGET /favicon.ico 302 28 - 10.284 ms
[32m[2023-02-16T18:57:02.884] [INFO] info - [39mGET /favicon.ico 302 28 - 2.396 ms
[32m[2023-02-16T18:57:09.617] [INFO] info - [39mWebSockets Connected
[32m[2023-02-16T18:57:10.436] [INFO] info - [39mGET /favicon.ico 302 28 - 3.100 ms
[32m[2023-02-16T18:57:10.749] [INFO] info - [39mGET /1 302 28 - 1.380 ms
[32m[2023-02-16T20:26:27.230] [INFO] info - [39mWebSockets Connected
[32m[2023-02-17T11:31:58.114] [INFO] info - [39mGET /1 302 28 - 2.525 ms
[32m[2023-02-18T11:06:10.492] [INFO] info - [39mFork Mode wroker PID:  6087
[32m[2023-02-18T11:07:23.493] [INFO] info - [39mFork Mode wroker PID:  6313
[32m[2023-02-18T11:07:24.868] [INFO] info - [39mListening on 8080
[32m[2023-02-18T11:07:27.035] [INFO] info - [39mMongo connected
[32m[2023-02-18T11:07:27.036] [INFO] info - [39mMongo Connected
[32m[2023-02-18T11:07:34.061] [INFO] info - [39mGET / 302 56 - 5.922 ms
[32m[2023-02-18T11:07:34.590] [INFO] info - [39mGET /favicon.ico 302 28 - 4.005 ms
[32m[2023-02-18T11:07:42.635] [INFO] info - [39mGET /favicon.ico 302 28 - 1.980 ms
[32m[2023-02-18T11:07:57.152] [INFO] info - [39mGET /favicon.ico 302 28 - 1.302 ms
[32m[2023-02-18T11:10:32.704] [INFO] info - [39mFork Mode wroker PID:  6938
[32m[2023-02-18T11:10:33.994] [INFO] info - [39mListening on 8080
[32m[2023-02-18T11:10:40.971] [INFO] info - [39mMongo connected
[32m[2023-02-18T11:10:40.972] [INFO] info - [39mMongo Connected
[32m[2023-02-18T11:10:42.048] [INFO] info - [39mGET /favicon.ico 302 28 - 10.039 ms
[32m[2023-02-18T11:13:05.283] [INFO] info - [39mFork Mode wroker PID:  7240
[32m[2023-02-18T11:13:06.593] [INFO] info - [39mListening on 8080
[32m[2023-02-18T11:13:09.048] [INFO] info - [39mMongo connected
[32m[2023-02-18T11:13:09.048] [INFO] info - [39mMongo Connected
[32m[2023-02-18T11:13:10.015] [INFO] info - [39mGET /favicon.ico 302 28 - 9.603 ms
[32m[2023-02-18T11:15:23.048] [INFO] info - [39mFork Mode wroker PID:  7525
[32m[2023-02-18T11:15:24.301] [INFO] info - [39mListening on 8080
[32m[2023-02-18T11:15:26.610] [INFO] info - [39mMongo connected
[32m[2023-02-18T11:15:26.610] [INFO] info - [39mMongo Connected
[32m[2023-02-18T11:15:29.130] [INFO] info - [39mGET /favicon.ico 302 28 - 10.122 ms
[32m[2023-02-18T11:15:58.771] [INFO] info - [39mGET /favicon.ico 302 28 - 3.187 ms
[32m[2023-02-18T11:16:10.540] [INFO] info - [39mListening on 8080
[32m[2023-02-18T11:16:12.024] [INFO] info - [39mMongo connected
[32m[2023-02-18T11:16:12.024] [INFO] info - [39mMongo Connected
[32m[2023-02-18T11:16:13.938] [INFO] info - [39mListening on 8080
[32m[2023-02-18T11:16:17.559] [INFO] info - [39mFork Mode wroker PID:  7858
[32m[2023-02-18T11:16:18.818] [INFO] info - [39mListening on 8080
[32m[2023-02-18T11:16:19.936] [INFO] info - [39mMongo connected
[32m[2023-02-18T11:16:19.936] [INFO] info - [39mMongo Connected
[32m[2023-02-18T11:16:22.526] [INFO] info - [39mListening on 8080
[32m[2023-02-18T11:16:23.978] [INFO] info - [39mMongo connected
[32m[2023-02-18T11:16:23.978] [INFO] info - [39mMongo Connected
[32m[2023-02-18T11:16:25.672] [INFO] info - [39mListening on 8080
[32m[2023-02-18T11:16:27.516] [INFO] info - [39mMongo connected
[32m[2023-02-18T11:16:27.517] [INFO] info - [39mMongo Connected
[32m[2023-02-18T11:16:29.056] [INFO] info - [39mListening on 8080
[32m[2023-02-18T11:16:30.444] [INFO] info - [39mMongo connected
[32m[2023-02-18T11:16:30.445] [INFO] info - [39mMongo Connected
[32m[2023-02-18T11:16:32.231] [INFO] info - [39mListening on 8080
[32m[2023-02-18T11:16:33.518] [INFO] info - [39mMongo connected
[32m[2023-02-18T11:16:33.519] [INFO] info - [39mMongo Connected
[32m[2023-02-18T11:16:35.320] [INFO] info - [39mListening on 8080
[32m[2023-02-18T11:16:36.826] [INFO] info - [39mMongo connected
[32m[2023-02-18T11:16:36.827] [INFO] info - [39mMongo Connected
[32m[2023-02-18T11:16:38.560] [INFO] info - [39mListening on 8080
[32m[2023-02-18T11:16:40.765] [INFO] info - [39mMongo connected
[32m[2023-02-18T11:16:40.765] [INFO] info - [39mMongo Connected
[32m[2023-02-18T11:16:42.471] [INFO] info - [39mListening on 8080
[32m[2023-02-18T11:16:43.671] [INFO] info - [39mMongo connected
[32m[2023-02-18T11:16:43.671] [INFO] info - [39mMongo Connected
[32m[2023-02-18T11:16:45.421] [INFO] info - [39mListening on 8080
[32m[2023-02-18T11:16:47.558] [INFO] info - [39mMongo connected
[32m[2023-02-18T11:16:47.558] [INFO] info - [39mMongo Connected
[32m[2023-02-18T11:19:03.885] [INFO] info - [39mFork Mode wroker PID:  8861
[32m[2023-02-18T11:19:13.818] [INFO] info - [39mListening on 8080
[32m[2023-02-18T11:19:15.680] [INFO] info - [39mMongo connected
[32m[2023-02-18T11:19:15.681] [INFO] info - [39mMongo Connected
[32m[2023-02-18T11:19:22.411] [INFO] info - [39mListening on 8080
[32m[2023-02-18T11:19:23.751] [INFO] info - [39mMongo connected
[32m[2023-02-18T11:19:23.751] [INFO] info - [39mMongo Connected
[32m[2023-02-18T11:19:25.562] [INFO] info - [39mListening on 8080
[32m[2023-02-18T11:20:08.757] [INFO] info - [39mFork Mode wroker PID:  9239
[32m[2023-02-18T11:20:10.161] [INFO] info - [39mListening on 8080
[32m[2023-02-18T11:20:11.852] [INFO] info - [39mMongo connected
[32m[2023-02-18T11:20:11.852] [INFO] info - [39mMongo Connected
[32m[2023-02-18T11:20:16.617] [INFO] info - [39mGET /favicon.ico 302 28 - 11.129 ms
[32m[2023-02-18T11:20:22.587] [INFO] info - [39mGET /favicon.ico 302 28 - 1.978 ms
[32m[2023-02-18T11:20:35.738] [INFO] info - [39mListening on 8080
[32m[2023-02-18T11:20:37.173] [INFO] info - [39mMongo connected
[32m[2023-02-18T11:20:37.173] [INFO] info - [39mMongo Connected
[32m[2023-02-18T11:22:19.990] [INFO] info - [39mFork Mode wroker PID:  9711
[32m[2023-02-18T11:22:21.259] [INFO] info - [39mListening on 8080
[32m[2023-02-18T11:22:23.695] [INFO] info - [39mMongo connected
[32m[2023-02-18T11:22:23.696] [INFO] info - [39mMongo Connected
[32m[2023-02-18T11:22:32.333] [INFO] info - [39mListening on 8080
[32m[2023-02-18T11:22:33.724] [INFO] info - [39mMongo connected
[32m[2023-02-18T11:22:33.724] [INFO] info - [39mMongo Connected
[32m[2023-02-18T11:24:02.340] [INFO] info - [39mFork Mode wroker PID:  10268
[32m[2023-02-18T11:24:03.670] [INFO] info - [39mListening on 8080
[32m[2023-02-18T11:24:06.034] [INFO] info - [39mMongo connected
[32m[2023-02-18T11:24:06.034] [INFO] info - [39mMongo Connected
[32m[2023-02-18T11:24:12.780] [INFO] info - [39mGET /favicon.ico 302 28 - 5.426 ms
[32m[2023-02-18T11:24:52.028] [INFO] info - [39mGET /favicon.ico 302 28 - 1.171 ms
[32m[2023-02-18T11:25:38.422] [INFO] info - [39mFork Mode wroker PID:  10576
[32m[2023-02-18T11:25:39.655] [INFO] info - [39mListening on 8080
[32m[2023-02-18T11:25:42.747] [INFO] info - [39mMongo connected
[32m[2023-02-18T11:25:42.748] [INFO] info - [39mMongo Connected
[32m[2023-02-18T11:25:51.442] [INFO] info - [39mGET /favicon.ico 302 28 - 4.684 ms
[32m[2023-02-18T11:25:59.732] [INFO] info - [39mGET /favicon.ico 302 28 - 2.783 ms
[32m[2023-02-18T11:27:30.532] [INFO] info - [39mFork Mode wroker PID:  10866
[32m[2023-02-18T11:27:31.794] [INFO] info - [39mListening on 8080
[32m[2023-02-18T11:27:33.218] [INFO] info - [39mMongo connected
[32m[2023-02-18T11:27:33.218] [INFO] info - [39mMongo Connected
[32m[2023-02-18T11:27:45.559] [INFO] info - [39mWebSockets Connected
[32m[2023-02-18T11:27:45.820] [INFO] info - [39mGET /favicon.ico 302 28 - 4.511 ms
[32m[2023-02-18T11:27:46.372] [INFO] info - [39mGET /1 302 28 - 1.885 ms
[32m[2023-02-18T11:41:00.633] [INFO] info - [39mFork Mode wroker PID:  12124
[32m[2023-02-18T11:41:03.659] [INFO] info - [39mListening on 8080
[32m[2023-02-18T11:41:06.212] [INFO] info - [39mWebSockets Connected
[32m[2023-02-18T11:41:06.556] [INFO] info - [39mMongo connected
[32m[2023-02-18T11:41:06.557] [INFO] info - [39mMongo Connected
[32m[2023-02-18T11:41:07.769] [INFO] info - [39mGET /1 302 28 - 11.094 ms
[32m[2023-02-18T11:41:13.224] [INFO] info - [39mGET /favicon.ico 302 28 - 2.128 ms
[32m[2023-02-18T11:41:16.780] [INFO] info - [39mGET /favicon.ico 302 28 - 1.843 ms
[32m[2023-02-18T11:41:29.982] [INFO] info - [39mGET /favicon.ico 302 28 - 2.055 ms
[32m[2023-02-18T11:41:38.765] [INFO] info - [39mWebSockets Connected
[32m[2023-02-18T11:41:39.248] [INFO] info - [39mGET /favicon.ico 302 28 - 1.646 ms
[32m[2023-02-18T11:41:39.971] [INFO] info - [39mGET /1 302 28 - 1.635 ms
[32m[2023-02-18T12:34:38.176] [INFO] info - [39mWebSockets Connected
[32m[2023-02-18T15:12:56.792] [INFO] info - [39mGET /1 302 28 - 1.083 ms
[32m[2023-02-18T19:54:30.542] [INFO] info - [39mFork Mode wroker PID:  21514
[32m[2023-02-18T19:57:05.174] [INFO] info - [39mFork Mode wroker PID:  22004
[32m[2023-02-18T19:57:54.121] [INFO] info - [39mFork Mode wroker PID:  22100
[32m[2023-02-18T20:03:07.050] [INFO] info - [39mFork Mode wroker PID:  22591
[32m[2023-02-18T20:03:09.337] [INFO] info - [39mListening on 8080
[32m[2023-02-18T20:03:11.416] [INFO] info - [39mMongo connected
[32m[2023-02-18T20:03:11.417] [INFO] info - [39mMongo Connected
[32m[2023-02-18T20:03:13.857] [INFO] info - [39mWebSockets Connected
[32m[2023-02-18T20:03:15.689] [INFO] info - [39mGET /1 302 28 - 12.854 ms
[32m[2023-02-18T20:04:00.432] [INFO] info - [39mWebSockets Connected
[32m[2023-02-18T20:04:01.202] [INFO] info - [39mGET /1 302 28 - 3.258 ms
[32m[2023-02-19T00:04:37.824] [INFO] info - [39mWebSockets Connected
[32m[2023-02-19T00:05:10.726] [INFO] info - [39mListening on 8080
[32m[2023-02-19T00:05:10.732] [INFO] info - [39mMongo Connected
[32m[2023-02-19T00:05:13.268] [INFO] info - [39mListening on 8080
[32m[2023-02-19T00:05:13.273] [INFO] info - [39mMongo Connected
[32m[2023-02-19T00:05:15.825] [INFO] info - [39mListening on 8080
[32m[2023-02-19T00:05:15.834] [INFO] info - [39mMongo Connected
[32m[2023-02-19T00:05:18.436] [INFO] info - [39mListening on 8080
[32m[2023-02-19T00:05:18.442] [INFO] info - [39mMongo Connected
[32m[2023-02-19T00:05:21.022] [INFO] info - [39mListening on 8080
[32m[2023-02-19T00:05:21.027] [INFO] info - [39mMongo Connected
[32m[2023-02-19T00:05:23.511] [INFO] info - [39mListening on 8080
[32m[2023-02-19T00:05:23.515] [INFO] info - [39mMongo Connected
[32m[2023-02-19T00:05:26.076] [INFO] info - [39mListening on 8080
[32m[2023-02-19T00:05:26.079] [INFO] info - [39mMongo Connected
[32m[2023-02-19T00:05:28.653] [INFO] info - [39mListening on 8080
[32m[2023-02-19T00:05:28.657] [INFO] info - [39mMongo Connected
[32m[2023-02-19T00:05:31.106] [INFO] info - [39mListening on 8080
[32m[2023-02-19T00:05:31.110] [INFO] info - [39mMongo Connected
[32m[2023-02-19T00:05:33.619] [INFO] info - [39mListening on 8080
[32m[2023-02-19T00:05:33.623] [INFO] info - [39mMongo Connected
[32m[2023-02-19T00:05:36.067] [INFO] info - [39mListening on 8080
[32m[2023-02-19T00:05:36.071] [INFO] info - [39mMongo Connected
[32m[2023-02-19T00:05:38.549] [INFO] info - [39mListening on 8080
[32m[2023-02-19T00:05:38.552] [INFO] info - [39mMongo Connected
[32m[2023-02-19T00:05:41.194] [INFO] info - [39mListening on 8080
[32m[2023-02-19T00:05:41.198] [INFO] info - [39mMongo Connected
[32m[2023-02-19T00:05:43.764] [INFO] info - [39mListening on 8080
[32m[2023-02-19T00:05:43.769] [INFO] info - [39mMongo Connected
[32m[2023-02-19T00:05:46.192] [INFO] info - [39mListening on 8080
[32m[2023-02-19T00:05:46.195] [INFO] info - [39mMongo Connected
[32m[2023-02-19T00:05:48.786] [INFO] info - [39mListening on 8080
[32m[2023-02-19T00:05:48.790] [INFO] info - [39mMongo Connected
[32m[2023-02-19T00:05:51.378] [INFO] info - [39mListening on 8080
[32m[2023-02-19T00:05:51.384] [INFO] info - [39mMongo Connected
[32m[2023-02-19T00:05:54.020] [INFO] info - [39mListening on 8080
[32m[2023-02-19T00:05:54.024] [INFO] info - [39mMongo Connected
[32m[2023-02-19T00:05:56.566] [INFO] info - [39mListening on 8080
[32m[2023-02-19T00:05:56.570] [INFO] info - [39mMongo Connected
[32m[2023-02-19T00:05:59.115] [INFO] info - [39mListening on 8080
[32m[2023-02-19T00:05:59.118] [INFO] info - [39mMongo Connected
[32m[2023-02-19T00:06:01.662] [INFO] info - [39mListening on 8080
[32m[2023-02-19T00:06:01.665] [INFO] info - [39mMongo Connected
[32m[2023-02-19T00:06:04.245] [INFO] info - [39mListening on 8080
[32m[2023-02-19T00:06:04.250] [INFO] info - [39mMongo Connected
[32m[2023-02-19T00:06:06.882] [INFO] info - [39mListening on 8080
[32m[2023-02-19T00:06:06.888] [INFO] info - [39mMongo Connected
[32m[2023-02-19T00:06:09.488] [INFO] info - [39mListening on 8080
[32m[2023-02-19T00:06:09.491] [INFO] info - [39mMongo Connected
[32m[2023-02-19T00:06:11.935] [INFO] info - [39mListening on 8080
[32m[2023-02-19T00:06:11.938] [INFO] info - [39mMongo Connected
[32m[2023-02-19T00:06:14.386] [INFO] info - [39mListening on 8080
[32m[2023-02-19T00:06:14.390] [INFO] info - [39mMongo Connected
[32m[2023-02-19T00:06:16.930] [INFO] info - [39mListening on 8080
[32m[2023-02-19T00:06:16.934] [INFO] info - [39mMongo Connected
[32m[2023-02-19T00:06:19.379] [INFO] info - [39mListening on 8080
[32m[2023-02-19T00:06:19.382] [INFO] info - [39mMongo Connected
[32m[2023-02-19T00:06:21.900] [INFO] info - [39mListening on 8080
[32m[2023-02-19T00:06:21.906] [INFO] info - [39mMongo Connected
[32m[2023-02-19T00:06:24.411] [INFO] info - [39mListening on 8080
[32m[2023-02-19T00:06:24.414] [INFO] info - [39mMongo Connected
[32m[2023-02-19T00:06:26.930] [INFO] info - [39mListening on 8080
[32m[2023-02-19T00:06:26.935] [INFO] info - [39mMongo Connected
[32m[2023-02-19T00:06:29.487] [INFO] info - [39mListening on 8080
[32m[2023-02-19T00:06:29.491] [INFO] info - [39mMongo Connected
[32m[2023-02-19T00:06:32.125] [INFO] info - [39mListening on 8080
[32m[2023-02-19T00:06:32.131] [INFO] info - [39mMongo Connected
[32m[2023-02-19T00:06:34.583] [INFO] info - [39mListening on 8080
[32m[2023-02-19T00:06:34.586] [INFO] info - [39mMongo Connected
[32m[2023-02-19T00:06:37.168] [INFO] info - [39mListening on 8080
[32m[2023-02-19T00:06:37.173] [INFO] info - [39mMongo Connected
[32m[2023-02-19T00:06:39.814] [INFO] info - [39mListening on 8080
[32m[2023-02-19T00:06:39.819] [INFO] info - [39mMongo Connected
[32m[2023-02-19T00:06:42.561] [INFO] info - [39mListening on 8080
[32m[2023-02-19T00:06:42.564] [INFO] info - [39mMongo Connected
[32m[2023-02-19T00:06:45.316] [INFO] info - [39mListening on 8080
[32m[2023-02-19T00:06:45.322] [INFO] info - [39mMongo Connected
[32m[2023-02-19T00:06:47.873] [INFO] info - [39mListening on 8080
[32m[2023-02-19T00:06:47.876] [INFO] info - [39mMongo Connected
[32m[2023-02-19T00:06:50.555] [INFO] info - [39mListening on 8080
[32m[2023-02-19T00:06:50.559] [INFO] info - [39mMongo Connected
[32m[2023-02-19T00:06:53.184] [INFO] info - [39mListening on 8080
[32m[2023-02-19T00:06:53.187] [INFO] info - [39mMongo Connected
[32m[2023-02-19T00:06:55.807] [INFO] info - [39mListening on 8080
[32m[2023-02-19T00:06:55.812] [INFO] info - [39mMongo Connected
[32m[2023-02-19T00:06:58.331] [INFO] info - [39mListening on 8080
[32m[2023-02-19T00:06:58.334] [INFO] info - [39mMongo Connected
[32m[2023-02-19T00:07:00.848] [INFO] info - [39mListening on 8080
[32m[2023-02-19T00:07:00.854] [INFO] info - [39mMongo Connected
[32m[2023-02-19T00:07:03.391] [INFO] info - [39mListening on 8080
[32m[2023-02-19T00:07:03.395] [INFO] info - [39mMongo Connected
[32m[2023-02-19T00:07:05.938] [INFO] info - [39mListening on 8080
[32m[2023-02-19T00:07:05.942] [INFO] info - [39mMongo Connected
[32m[2023-02-19T00:07:08.451] [INFO] info - [39mListening on 8080
[32m[2023-02-19T00:07:08.454] [INFO] info - [39mMongo Connected
[32m[2023-02-19T00:07:10.962] [INFO] info - [39mListening on 8080
[32m[2023-02-19T00:07:10.966] [INFO] info - [39mMongo Connected
[32m[2023-02-19T00:07:13.484] [INFO] info - [39mListening on 8080
[32m[2023-02-19T00:07:13.487] [INFO] info - [39mMongo Connected
[32m[2023-02-19T00:07:15.924] [INFO] info - [39mListening on 8080
[32m[2023-02-19T00:07:15.928] [INFO] info - [39mMongo Connected
[32m[2023-02-19T00:07:18.450] [INFO] info - [39mListening on 8080
[32m[2023-02-19T00:07:18.454] [INFO] info - [39mMongo Connected
[32m[2023-02-19T00:07:20.981] [INFO] info - [39mListening on 8080
[32m[2023-02-19T00:07:20.986] [INFO] info - [39mMongo Connected
[32m[2023-02-19T00:07:23.460] [INFO] info - [39mListening on 8080
[32m[2023-02-19T00:07:23.463] [INFO] info - [39mMongo Connected
[32m[2023-02-19T00:07:26.379] [INFO] info - [39mListening on 8080
[32m[2023-02-19T00:07:26.386] [INFO] info - [39mMongo Connected
[32m[2023-02-19T00:07:28.960] [INFO] info - [39mListening on 8080
[32m[2023-02-19T00:07:28.967] [INFO] info - [39mMongo Connected
[32m[2023-02-19T00:07:31.595] [INFO] info - [39mListening on 8080
[32m[2023-02-19T00:07:31.609] [INFO] info - [39mMongo Connected
[32m[2023-02-19T00:07:34.445] [INFO] info - [39mListening on 8080
[32m[2023-02-19T00:07:36.858] [INFO] info - [39mWebSockets Connected
[32m[2023-02-19T00:07:42.531] [INFO] info - [39mMongo connected
[32m[2023-02-19T00:07:42.532] [INFO] info - [39mMongo Connected
[32m[2023-02-19T00:07:44.073] [INFO] info - [39mGET /1 302 28 - 10.082 ms
[32m[2023-02-19T10:36:48.240] [INFO] info - [39mListening on 8080
[32m[2023-02-19T23:15:58.072] [INFO] info - [39mFork Mode wroker PID:  20478
[32m[2023-02-19T23:17:33.071] [INFO] info - [39mFork Mode wroker PID:  20946
[32m[2023-02-19T23:17:35.872] [INFO] info - [39mListening on 8080
[32m[2023-02-19T23:17:44.108] [INFO] info - [39mGET / 302 56 - 13.414 ms
[32m[2023-02-19T23:17:48.144] [INFO] info - [39mMongo connected
[32m[2023-02-19T23:17:48.145] [INFO] info - [39mMongo Connected
[32m[2023-02-19T23:17:48.906] [INFO] info - [39mGET /favicon.ico 302 28 - 2.808 ms
[32m[2023-02-19T23:17:58.689] [INFO] info - [39mGET /lauth/google 302 56 - 3.363 ms
[32m[2023-02-19T23:17:59.244] [INFO] info - [39mGET /favicon.ico 302 28 - 2.100 ms
[32m[2023-02-19T23:18:20.975] [INFO] info - [39mGET /auth/google 302 56 - 2.358 ms
[32m[2023-02-19T23:18:21.494] [INFO] info - [39mGET /favicon.ico 302 28 - 2.108 ms
[32m[2023-02-19T23:18:49.321] [INFO] info - [39mFork Mode wroker PID:  21224
[32m[2023-02-19T23:18:51.865] [INFO] info - [39mListening on 8080
[32m[2023-02-19T23:18:55.700] [INFO] info - [39mMongo connected
[32m[2023-02-19T23:18:55.700] [INFO] info - [39mMongo Connected
[32m[2023-02-19T23:21:24.170] [INFO] info - [39mFork Mode wroker PID:  21556
[32m[2023-02-19T23:21:35.117] [INFO] info - [39mListening on 8080
[32m[2023-02-19T23:21:37.801] [INFO] info - [39mMongo connected
[32m[2023-02-19T23:21:37.803] [INFO] info - [39mMongo Connected
[32m[2023-02-19T23:22:42.153] [INFO] info - [39mWebSockets Connected
[32m[2023-02-19T23:22:42.774] [INFO] info - [39mGET /favicon.ico 302 28 - 3.071 ms
[32m[2023-02-19T23:22:44.312] [INFO] info - [39mGET /1 302 28 - 1.719 ms
[32m[2023-02-20T19:54:17.651] [INFO] info - [39mGET / 302 56 - 2.746 ms
[32m[2023-02-20T19:54:18.082] [INFO] info - [39mWebSockets Connected
[32m[2023-02-20T19:54:18.903] [INFO] info - [39mGET /favicon.ico 302 28 - 1.410 ms
[32m[2023-02-20T19:54:20.307] [INFO] info - [39mGET /1 302 28 - 2.309 ms
[32m[2023-02-20T20:04:03.117] [INFO] info - [39mWebSockets Connected
[32m[2023-02-20T20:04:04.829] [INFO] info - [39mGET /favicon.ico 302 28 - 1.441 ms
[32m[2023-02-20T20:04:07.017] [INFO] info - [39mGET /1 302 28 - 1.378 ms
[32m[2023-02-20T20:33:11.921] [INFO] info - [39mWebSockets Connected
[32m[2023-02-20T23:42:53.375] [INFO] info - [39mWebSockets Connected
[32m[2023-02-20T23:43:58.121] [INFO] info - [39mListening on 8080
[32m[2023-02-20T23:43:58.127] [INFO] info - [39mMongo Connected
[32m[2023-02-20T23:44:00.386] [INFO] info - [39mListening on 8080
[32m[2023-02-20T23:44:00.392] [INFO] info - [39mMongo Connected
[32m[2023-02-20T23:44:02.568] [INFO] info - [39mListening on 8080
[32m[2023-02-20T23:44:02.571] [INFO] info - [39mMongo Connected
[32m[2023-02-20T23:44:04.800] [INFO] info - [39mListening on 8080
[32m[2023-02-20T23:44:04.803] [INFO] info - [39mMongo Connected
[32m[2023-02-20T23:44:07.128] [INFO] info - [39mListening on 8080
[32m[2023-02-20T23:44:07.132] [INFO] info - [39mMongo Connected
[32m[2023-02-20T23:44:09.442] [INFO] info - [39mListening on 8080
[32m[2023-02-20T23:44:09.449] [INFO] info - [39mMongo Connected
[32m[2023-02-20T23:44:11.694] [INFO] info - [39mListening on 8080
[32m[2023-02-20T23:44:11.700] [INFO] info - [39mMongo Connected
[32m[2023-02-20T23:44:13.861] [INFO] info - [39mListening on 8080
[32m[2023-02-20T23:44:13.864] [INFO] info - [39mMongo Connected
[32m[2023-02-20T23:44:16.202] [INFO] info - [39mListening on 8080
[32m[2023-02-20T23:44:16.209] [INFO] info - [39mMongo Connected
[32m[2023-02-20T23:44:18.754] [INFO] info - [39mListening on 8080
[32m[2023-02-20T23:44:18.759] [INFO] info - [39mMongo Connected
[32m[2023-02-20T23:44:21.693] [INFO] info - [39mListening on 8080
[32m[2023-02-20T23:44:21.699] [INFO] info - [39mMongo Connected
[32m[2023-02-20T23:44:24.838] [INFO] info - [39mListening on 8080
[32m[2023-02-20T23:44:24.844] [INFO] info - [39mMongo Connected
[32m[2023-02-20T23:44:27.154] [INFO] info - [39mListening on 8080
[32m[2023-02-20T23:44:27.160] [INFO] info - [39mMongo Connected
[32m[2023-02-20T23:44:29.409] [INFO] info - [39mListening on 8080
[32m[2023-02-20T23:44:29.412] [INFO] info - [39mMongo Connected
[32m[2023-02-20T23:44:31.567] [INFO] info - [39mListening on 8080
[32m[2023-02-20T23:44:31.571] [INFO] info - [39mMongo Connected
[32m[2023-02-20T23:44:33.703] [INFO] info - [39mListening on 8080
[32m[2023-02-20T23:44:33.706] [INFO] info - [39mMongo Connected
[32m[2023-02-20T23:44:35.843] [INFO] info - [39mListening on 8080
[32m[2023-02-20T23:44:35.846] [INFO] info - [39mMongo Connected
[32m[2023-02-20T23:44:38.256] [INFO] info - [39mListening on 8080
[32m[2023-02-20T23:44:38.263] [INFO] info - [39mMongo Connected
[32m[2023-02-20T23:44:40.745] [INFO] info - [39mListening on 8080
[32m[2023-02-20T23:44:40.749] [INFO] info - [39mMongo Connected
[32m[2023-02-20T23:44:43.209] [INFO] info - [39mListening on 8080
[32m[2023-02-20T23:44:43.214] [INFO] info - [39mMongo Connected
[32m[2023-02-20T23:44:45.783] [INFO] info - [39mListening on 8080
[32m[2023-02-20T23:44:45.789] [INFO] info - [39mMongo Connected
[32m[2023-02-20T23:44:48.275] [INFO] info - [39mListening on 8080
[32m[2023-02-20T23:44:48.281] [INFO] info - [39mMongo Connected
[32m[2023-02-20T23:44:50.787] [INFO] info - [39mListening on 8080
[32m[2023-02-20T23:44:50.791] [INFO] info - [39mMongo Connected
[32m[2023-02-20T23:44:53.256] [INFO] info - [39mListening on 8080
[32m[2023-02-20T23:44:53.259] [INFO] info - [39mMongo Connected
[32m[2023-02-20T23:44:55.854] [INFO] info - [39mListening on 8080
[32m[2023-02-20T23:44:55.858] [INFO] info - [39mMongo Connected
[32m[2023-02-20T23:44:58.310] [INFO] info - [39mListening on 8080
[32m[2023-02-20T23:44:58.315] [INFO] info - [39mMongo Connected
[32m[2023-02-20T23:45:00.782] [INFO] info - [39mListening on 8080
[32m[2023-02-20T23:45:00.789] [INFO] info - [39mMongo Connected
[32m[2023-02-20T23:45:05.791] [INFO] info - [39mListening on 8080
[32m[2023-02-20T23:45:05.801] [INFO] info - [39mMongo Connected
[32m[2023-02-20T23:45:08.917] [INFO] info - [39mListening on 8080
[32m[2023-02-20T23:45:08.922] [INFO] info - [39mMongo Connected
[32m[2023-02-20T23:45:11.560] [INFO] info - [39mListening on 8080
[32m[2023-02-20T23:45:11.565] [INFO] info - [39mMongo Connected
[32m[2023-02-20T23:45:14.400] [INFO] info - [39mListening on 8080
[32m[2023-02-20T23:45:14.405] [INFO] info - [39mMongo Connected
[32m[2023-02-20T23:45:16.908] [INFO] info - [39mListening on 8080
[32m[2023-02-20T23:45:16.912] [INFO] info - [39mMongo Connected
[32m[2023-02-20T23:45:19.255] [INFO] info - [39mListening on 8080
[32m[2023-02-20T23:45:19.260] [INFO] info - [39mMongo Connected
[32m[2023-02-20T23:45:22.124] [INFO] info - [39mListening on 8080
[32m[2023-02-20T23:45:22.131] [INFO] info - [39mMongo Connected
[32m[2023-02-20T23:45:24.688] [INFO] info - [39mListening on 8080
[32m[2023-02-20T23:45:24.692] [INFO] info - [39mMongo Connected
[32m[2023-02-20T23:53:32.108] [INFO] info - [39mFork Mode wroker PID:  30286
[32m[2023-02-20T23:53:34.279] [INFO] info - [39mListening on 8080
[32m[2023-02-20T23:53:36.439] [INFO] info - [39mWebSockets Connected
[32m[2023-02-20T23:53:43.968] [INFO] info - [39mMongo connected
[32m[2023-02-20T23:53:43.969] [INFO] info - [39mMongo Connected
[32m[2023-02-20T23:53:44.681] [INFO] info - [39mGET / 302 56 - 10.624 ms
[32m[2023-02-20T23:53:45.767] [INFO] info - [39mGET /favicon.ico 302 28 - 2.819 ms
[32m[2023-02-20T23:53:47.099] [INFO] info - [39mGET /1 302 28 - 2.245 ms
[32m[2023-02-20T23:53:55.823] [INFO] info - [39mWebSockets Connected
[32m[2023-02-20T23:53:56.465] [INFO] info - [39mGET /favicon.ico 302 28 - 2.421 ms
[32m[2023-02-20T23:53:58.557] [INFO] info - [39mGET /1 302 28 - 1.558 ms
[32m[2023-02-20T23:54:07.118] [INFO] info - [39mGET /favicon.ico 302 28 - 2.265 ms
[32m[2023-02-20T23:54:10.847] [INFO] info - [39mGET /favicon.ico 302 28 - 1.847 ms
[32m[2023-02-20T23:54:36.850] [INFO] info - [39mGET /favicon.ico 302 28 - 1.244 ms
[32m[2023-02-20T23:54:53.061] [INFO] info - [39mWebSockets Connected
[32m[2023-02-20T23:54:53.378] [INFO] info - [39mGET /favicon.ico 302 28 - 1.365 ms
[32m[2023-02-20T23:54:54.152] [INFO] info - [39mGET /1 302 28 - 1.965 ms
[32m[2023-02-20T23:56:01.999] [INFO] info - [39mGET / 302 56 - 1.923 ms
[32m[2023-02-20T23:56:03.823] [INFO] info - [39mGET /favicon.ico 302 28 - 2.109 ms
[32m[2023-02-20T23:57:07.042] [INFO] info - [39mWebSockets Connected
[32m[2023-02-20T23:57:07.799] [INFO] info - [39mGET /favicon.ico 302 28 - 1.411 ms
[32m[2023-02-20T23:57:09.524] [INFO] info - [39mGET /1 302 28 - 1.341 ms
[32m[2023-02-21T00:40:20.362] [INFO] info - [39mFork Mode wroker PID:  36502
[32m[2023-02-21T00:42:05.649] [INFO] info - [39mListening on 8080
[32m[2023-02-21T00:42:08.904] [INFO] info - [39mFork Mode wroker PID:  37299
[32m[2023-02-21T00:42:11.526] [INFO] info - [39mListening on 8080
[32m[2023-02-21T00:42:13.400] [INFO] info - [39mWebSockets Connected
[32m[2023-02-21T00:42:13.609] [INFO] info - [39mWebSockets Connected
[32m[2023-02-21T00:42:14.126] [INFO] info - [39mMongo connected
[32m[2023-02-21T00:42:14.127] [INFO] info - [39mMongo Connected
[32m[2023-02-21T00:42:15.228] [INFO] info - [39mGET /1 302 28 - 18.496 ms
[32m[2023-02-21T00:42:16.012] [INFO] info - [39mGET /1 302 28 - 2.044 ms
[32m[2023-02-21T00:42:25.120] [INFO] info - [39mGET /favicon.ico 302 28 - 2.047 ms
[32m[2023-02-21T00:42:31.549] [INFO] info - [39mWebSockets Connected
[32m[2023-02-21T00:42:32.010] [INFO] info - [39mGET /favicon.ico 302 28 - 1.590 ms
[32m[2023-02-21T00:42:33.051] [INFO] info - [39mGET /1 302 28 - 1.471 ms
[32m[2023-02-21T00:54:17.223] [INFO] info - [39mWebSockets Connected
[32m[2023-02-21T00:54:17.363] [INFO] info - [39mWebSockets Connected
[32m[2023-02-21T10:43:24.573] [INFO] info - [39mGET /1 302 28 - 9.662 ms
[32m[2023-02-21T10:43:33.873] [INFO] info - [39mGET /1 302 28 - 1.179 ms
[32m[2023-02-21T10:47:05.315] [INFO] info - [39mWebSockets Connected
[32m[2023-02-21T10:47:11.215] [INFO] info - [39mGET /1 302 28 - 1.947 ms
[32m[2023-02-21T10:47:11.345] [INFO] info - [39mWebSockets Connected
[32m[2023-02-21T10:47:13.388] [INFO] info - [39mGET /1 302 28 - 1.433 ms
[32m[2023-02-21T10:59:34.983] [INFO] info - [39mWebSockets Connected
[32m[2023-02-21T10:59:35.508] [INFO] info - [39mWebSockets Connected
[32m[2023-02-21T13:12:27.681] [INFO] info - [39mGET /1 302 28 - 2.984 ms
[32m[2023-02-21T13:12:27.690] [INFO] info - [39mGET /1 302 28 - 1.419 ms
[32m[2023-02-24T10:44:25.472] [INFO] info - [39mFork Mode wroker PID:  40836
[32m[2023-02-24T10:44:40.384] [INFO] info - [39mListening on 8080
[32m[2023-02-24T10:44:41.789] [INFO] info - [39mMongo connected
[32m[2023-02-24T10:44:41.789] [INFO] info - [39mMongo Connected
[32m[2023-02-24T15:44:53.947] [INFO] info - [39mListening on 8080
[32m[2023-02-24T15:44:57.575] [INFO] info - [39mMongo connected
[32m[2023-02-24T15:44:57.577] [INFO] info - [39mMongo Connected
[32m[2023-03-02T16:24:58.399] [INFO] info - [39mListening on 8080
[32m[2023-03-02T16:24:59.196] [INFO] info - [39mMongo connected
[32m[2023-03-02T16:24:59.199] [INFO] info - [39mMongo Connected
[32m[2023-03-02T16:25:16.442] [INFO] info - [39mListening on 8080
[32m[2023-03-02T16:25:17.052] [INFO] info - [39mMongo connected
[32m[2023-03-02T16:25:17.053] [INFO] info - [39mMongo Connected
[32m[2023-03-02T16:25:30.588] [INFO] info - [39mGET / 302 56 - 27.017 ms
[32m[2023-03-02T16:25:31.315] [INFO] info - [39mGET /favicon.ico 302 28 - 2.917 ms
[32m[2023-03-02T16:25:35.467] [INFO] info - [39mGET /favicon.ico 302 28 - 2.410 ms
[32m[2023-03-02T16:25:52.773] [INFO] info - [39mGET /favicon.ico 302 28 - 1.975 ms
[32m[2023-03-02T16:25:59.869] [INFO] info - [39mWebSockets Connected
[32m[2023-03-02T16:29:01.536] [INFO] info - [39mListening on 8080
[32m[2023-03-02T16:29:02.318] [INFO] info - [39mMongo connected
[32m[2023-03-02T16:29:02.319] [INFO] info - [39mMongo Connected
[32m[2023-03-02T16:29:06.581] [INFO] info - [39mWebSockets Connected
[32m[2023-03-02T16:29:27.258] [INFO] info - [39mGET /favicon.ico 302 28 - 11.471 ms
[32m[2023-03-02T16:29:35.331] [INFO] info - [39mWebSockets Connected
[32m[2023-03-02T16:29:35.447] [INFO] info - [39mGET /favicon.ico 302 28 - 2.427 ms
[32m[2023-03-02T16:29:35.670] [INFO] info - [39mGET /1 302 28 - 2.216 ms
[32m[2023-03-02T16:33:23.781] [INFO] info - [39mWebSockets Connected
[32m[2023-03-02T16:33:24.137] [INFO] info - [39mGET /1 302 28 - 4.583 ms
[32m[2023-03-02T16:35:31.607] [INFO] info - [39mGET /favicon.ico 302 28 - 2.413 ms
[32m[2023-03-02T16:35:41.180] [INFO] info - [39mWebSockets Connected
[32m[2023-03-02T16:35:41.526] [INFO] info - [39mGET /favicon.ico 302 28 - 2.050 ms
[32m[2023-03-02T16:36:14.554] [INFO] info - [39mGET /favicon.ico 302 28 - 1.752 ms
[32m[2023-03-02T16:36:23.163] [INFO] info - [39mWebSockets Connected
[32m[2023-03-02T16:36:23.270] [INFO] info - [39mGET /favicon.ico 302 28 - 1.382 ms
[32m[2023-03-02T16:36:23.466] [INFO] info - [39mGET /1 302 28 - 1.952 ms
[32m[2023-03-02T16:38:16.974] [INFO] info - [39mGET /favicon.ico 302 28 - 2.592 ms
[32m[2023-03-02T16:38:26.821] [INFO] info - [39mWebSockets Connected
[32m[2023-03-02T16:38:26.943] [INFO] info - [39mGET /favicon.ico 302 28 - 1.602 ms
[32m[2023-03-02T16:38:27.102] [INFO] info - [39mGET /1 302 28 - 2.464 ms
[32m[2023-03-02T16:38:29.292] [INFO] info - [39mGET /favicon.ico 302 28 - 2.305 ms
[32m[2023-03-02T16:38:36.101] [INFO] info - [39mGET /favicon.ico 302 28 - 1.970 ms
[32m[2023-03-03T21:48:34.603] [INFO] info - [39mListening on 8080
[32m[2023-03-03T21:48:35.907] [INFO] info - [39mMongo connected
[32m[2023-03-03T21:48:35.908] [INFO] info - [39mMongo Connected
[32m[2023-03-03T21:48:52.482] [INFO] info - [39mGET / 302 56 - 5.507 ms
[32m[2023-03-03T21:48:52.729] [INFO] info - [39mGET /favicon.ico 302 28 - 1.624 ms
[32m[2023-03-03T21:49:00.677] [INFO] info - [39mGET /favicon.ico 302 28 - 1.433 ms
[32m[2023-03-03T21:49:08.123] [INFO] info - [39mWebSockets Connected
[32m[2023-03-03T21:49:08.201] [INFO] info - [39mGET /favicon.ico 302 28 - 1.900 ms
[32m[2023-03-03T21:49:08.364] [INFO] info - [39mGET /1 302 28 - 0.647 ms
[32m[2023-03-03T21:56:27.717] [INFO] info - [39mListening on 8080
[32m[2023-03-03T21:56:29.496] [INFO] info - [39mMongo connected
[32m[2023-03-03T21:56:29.579] [INFO] info - [39mWebSockets Connected
[32m[2023-03-03T21:56:30.026] [INFO] info - [39mGET /1 302 28 - 3.473 ms
[32m[2023-03-03T21:57:16.940] [INFO] info - [39mGET /favicon.ico 302 28 - 1.505 ms
[32m[2023-03-03T21:57:18.386] [INFO] info - [39mGET /favicon.ico 302 28 - 1.497 ms
[32m[2023-03-03T21:57:28.388] [INFO] info - [39mGET /favicon.ico 302 28 - 1.004 ms
[32m[2023-03-03T22:04:34.777] [INFO] info - [39mListening on 8080
[32m[2023-03-03T22:04:35.316] [INFO] info - [39mMongo connected
[32m[2023-03-03T22:04:44.898] [INFO] info - [39mGET /favicon.ico 302 28 - 1.706 ms
[32m[2023-03-03T22:04:46.632] [INFO] info - [39mGET /favicon.ico 302 28 - 0.722 ms
[32m[2023-03-03T22:04:47.742] [INFO] info - [39mGET /favicon.ico 302 28 - 1.708 ms
[32m[2023-03-03T22:04:55.440] [INFO] info - [39mGET /favicon.ico 302 28 - 2.575 ms
[32m[2023-03-03T22:06:14.296] [INFO] info - [39mListening on 8080
[32m[2023-03-03T22:06:15.414] [INFO] info - [39mMongo connected
[32m[2023-03-03T22:06:39.673] [INFO] info - [39mGET /favicon.ico 302 28 - 3.812 ms
[32m[2023-03-03T22:06:49.128] [INFO] info - [39mGET /favicon.ico 302 28 - 1.111 ms
